<?xml version="1.0" encoding="UTF-8"?>
<coverage generated="1571062371728" clover="3.2.0">
  <project timestamp="1571062371728" name="All files">
    <metrics statements="211" coveredstatements="198" conditionals="92" coveredconditionals="73" methods="46" coveredmethods="42" elements="349" coveredelements="313" complexity="0" loc="211" ncloc="211" packages="1" files="4" classes="4"/>
    <file name="simplr-router-styler.js" path="/home/matsu/projects/simplr-router/lib/simplr-router-styler.js">
      <metrics statements="25" coveredstatements="25" conditionals="6" coveredconditionals="6" methods="6" coveredmethods="6"/>
      <line num="6" count="6" type="cond" truecount="2" falsecount="0"/>
      <line num="7" count="4" type="stmt"/>
      <line num="9" count="6" type="stmt"/>
      <line num="10" count="6" type="stmt"/>
      <line num="11" count="6" type="stmt"/>
      <line num="12" count="6" type="stmt"/>
      <line num="16" count="6" type="stmt"/>
      <line num="20" count="6" type="stmt"/>
      <line num="21" count="6" type="stmt"/>
      <line num="22" count="6" type="stmt"/>
      <line num="23" count="6" type="stmt"/>
      <line num="27" count="6" type="stmt"/>
      <line num="41" count="6" type="stmt"/>
      <line num="42" count="6" type="cond" truecount="4" falsecount="0"/>
      <line num="44" count="3" type="stmt"/>
      <line num="45" count="3" type="stmt"/>
      <line num="47" count="1" type="stmt"/>
      <line num="48" count="1" type="stmt"/>
      <line num="50" count="1" type="stmt"/>
      <line num="51" count="1" type="stmt"/>
      <line num="53" count="1" type="stmt"/>
      <line num="54" count="1" type="stmt"/>
      <line num="56" count="6" type="stmt"/>
      <line num="62" count="6" type="stmt"/>
      <line num="63" count="6" type="stmt"/>
    </file>
    <file name="simplr-router-transition-direction.js" path="/home/matsu/projects/simplr-router/lib/simplr-router-transition-direction.js">
      <metrics statements="1" coveredstatements="1" conditionals="0" coveredconditionals="0" methods="0" coveredmethods="0"/>
      <line num="1" count="2" type="stmt"/>
    </file>
    <file name="simplr-router-transition-speed.js" path="/home/matsu/projects/simplr-router/lib/simplr-router-transition-speed.js">
      <metrics statements="1" coveredstatements="1" conditionals="0" coveredconditionals="0" methods="0" coveredmethods="0"/>
      <line num="1" count="2" type="stmt"/>
    </file>
    <file name="simplr-router.js" path="/home/matsu/projects/simplr-router/lib/simplr-router.js">
      <metrics statements="184" coveredstatements="171" conditionals="86" coveredconditionals="67" methods="40" coveredmethods="36"/>
      <line num="8" count="44" type="stmt"/>
      <line num="9" count="44" type="stmt"/>
      <line num="10" count="44" type="cond" truecount="2" falsecount="0"/>
      <line num="11" count="1" type="stmt"/>
      <line num="13" count="43" type="stmt"/>
      <line num="14" count="43" type="stmt"/>
      <line num="15" count="43" type="stmt"/>
      <line num="16" count="43" type="stmt"/>
      <line num="17" count="43" type="cond" truecount="2" falsecount="0"/>
      <line num="18" count="43" type="stmt"/>
      <line num="19" count="43" type="stmt"/>
      <line num="20" count="43" type="stmt"/>
      <line num="22" count="43" type="stmt"/>
      <line num="23" count="42" type="stmt"/>
      <line num="24" count="42" type="stmt"/>
      <line num="25" count="42" type="stmt"/>
      <line num="27" count="42" type="stmt"/>
      <line num="29" count="42" type="stmt"/>
      <line num="31" count="42" type="stmt"/>
      <line num="35" count="44" type="stmt"/>
      <line num="36" count="44" type="stmt"/>
      <line num="40" count="42" type="stmt"/>
      <line num="41" count="0" type="stmt"/>
      <line num="42" count="0" type="cond" truecount="0" falsecount="2"/>
      <line num="43" count="0" type="stmt"/>
      <line num="47" count="42" type="stmt"/>
      <line num="51" count="43" type="stmt"/>
      <line num="52" count="43" type="cond" truecount="2" falsecount="0"/>
      <line num="53" count="41" type="stmt"/>
      <line num="57" count="2" type="stmt"/>
      <line num="58" count="2" type="stmt"/>
      <line num="60" count="2" type="stmt"/>
      <line num="61" count="2" type="stmt"/>
      <line num="65" count="43" type="stmt"/>
      <line num="66" count="21" type="stmt"/>
      <line num="67" count="21" type="stmt"/>
      <line num="69" count="82" type="cond" truecount="2" falsecount="0"/>
      <line num="70" count="60" type="stmt"/>
      <line num="71" count="60" type="stmt"/>
      <line num="75" count="22" type="stmt"/>
      <line num="76" count="60" type="stmt"/>
      <line num="81" count="22" type="cond" truecount="1" falsecount="1"/>
      <line num="82" count="0" type="stmt"/>
      <line num="89" count="121" type="cond" truecount="2" falsecount="0"/>
      <line num="90" count="114" type="stmt"/>
      <line num="92" count="7" type="stmt"/>
      <line num="93" count="1" type="stmt"/>
      <line num="95" count="1" type="stmt"/>
      <line num="96" count="1" type="stmt"/>
      <line num="97" count="1" type="cond" truecount="1" falsecount="1"/>
      <line num="98" count="0" type="stmt"/>
      <line num="100" count="1" type="stmt"/>
      <line num="101" count="1" type="stmt"/>
      <line num="103" count="1" type="cond" truecount="1" falsecount="1"/>
      <line num="104" count="1" type="stmt"/>
      <line num="107" count="7" type="stmt"/>
      <line num="108" count="7" type="stmt"/>
      <line num="112" count="42" type="stmt"/>
      <line num="113" count="42" type="stmt"/>
      <line num="115" count="0" type="cond" truecount="0" falsecount="2"/>
      <line num="116" count="0" type="stmt"/>
      <line num="118" count="0" type="stmt"/>
      <line num="124" count="1" type="cond" truecount="1" falsecount="1"/>
      <line num="125" count="1" type="stmt"/>
      <line num="126" count="1" type="stmt"/>
      <line num="127" count="1" type="stmt"/>
      <line num="128" count="1" type="stmt"/>
      <line num="131" count="0" type="stmt"/>
      <line num="136" count="0" type="cond" truecount="0" falsecount="4"/>
      <line num="143" count="9" type="stmt"/>
      <line num="145" count="9" type="cond" truecount="2" falsecount="0"/>
      <line num="146" count="2" type="stmt"/>
      <line num="147" count="1" type="cond" truecount="1" falsecount="1"/>
      <line num="149" count="7" type="cond" truecount="5" falsecount="0"/>
      <line num="150" count="2" type="stmt"/>
      <line num="151" count="1" type="cond" truecount="1" falsecount="1"/>
      <line num="153" count="5" type="stmt"/>
      <line num="155" count="5" type="stmt"/>
      <line num="156" count="5" type="stmt"/>
      <line num="157" count="5" type="stmt"/>
      <line num="158" count="2" type="stmt"/>
      <line num="159" count="2" type="stmt"/>
      <line num="161" count="5" type="stmt"/>
      <line num="165" count="5" type="cond" truecount="2" falsecount="0"/>
      <line num="166" count="2" type="stmt"/>
      <line num="167" count="2" type="stmt"/>
      <line num="169" count="3" type="stmt"/>
      <line num="170" count="3" type="cond" truecount="2" falsecount="0"/>
      <line num="171" count="2" type="stmt"/>
      <line num="174" count="1" type="stmt"/>
      <line num="178" count="5" type="cond" truecount="2" falsecount="0"/>
      <line num="179" count="2" type="stmt"/>
      <line num="180" count="2" type="stmt"/>
      <line num="182" count="3" type="stmt"/>
      <line num="183" count="3" type="cond" truecount="2" falsecount="0"/>
      <line num="184" count="2" type="stmt"/>
      <line num="187" count="1" type="stmt"/>
      <line num="191" count="5" type="stmt"/>
      <line num="192" count="5" type="stmt"/>
      <line num="193" count="20" type="stmt"/>
      <line num="194" count="20" type="cond" truecount="4" falsecount="0"/>
      <line num="195" count="2" type="stmt"/>
      <line num="196" count="2" type="stmt"/>
      <line num="199" count="5" type="stmt"/>
      <line num="203" count="5" type="stmt"/>
      <line num="204" count="5" type="stmt"/>
      <line num="205" count="22" type="stmt"/>
      <line num="206" count="22" type="cond" truecount="4" falsecount="0"/>
      <line num="207" count="2" type="stmt"/>
      <line num="208" count="2" type="stmt"/>
      <line num="211" count="5" type="stmt"/>
      <line num="215" count="6" type="stmt"/>
      <line num="216" count="6" type="cond" truecount="1" falsecount="1"/>
      <line num="217" count="0" type="stmt"/>
      <line num="218" count="0" type="cond" truecount="0" falsecount="2"/>
      <line num="219" count="0" type="stmt"/>
      <line num="223" count="6" type="stmt"/>
      <line num="224" count="6" type="stmt"/>
      <line num="225" count="6" type="stmt"/>
      <line num="226" count="6" type="stmt"/>
      <line num="227" count="6" type="stmt"/>
      <line num="228" count="6" type="stmt"/>
      <line num="230" count="6" type="stmt"/>
      <line num="231" count="3" type="stmt"/>
      <line num="233" count="6" type="stmt"/>
      <line num="237" count="6" type="stmt"/>
      <line num="238" count="6" type="stmt"/>
      <line num="242" count="12" type="stmt"/>
      <line num="244" count="12" type="stmt"/>
      <line num="245" count="47" type="stmt"/>
      <line num="246" count="47" type="stmt"/>
      <line num="247" count="47" type="cond" truecount="2" falsecount="0"/>
      <line num="248" count="8" type="stmt"/>
      <line num="251" count="12" type="cond" truecount="2" falsecount="0"/>
      <line num="253" count="4" type="stmt"/>
      <line num="254" count="4" type="stmt"/>
      <line num="255" count="16" type="stmt"/>
      <line num="256" count="16" type="stmt"/>
      <line num="257" count="16" type="cond" truecount="2" falsecount="0"/>
      <line num="258" count="12" type="stmt"/>
      <line num="260" count="4" type="stmt"/>
      <line num="261" count="4" type="cond" truecount="2" falsecount="0"/>
      <line num="262" count="1" type="stmt"/>
      <line num="266" count="12" type="stmt"/>
      <line num="270" count="5" type="stmt"/>
      <line num="271" count="5" type="cond" truecount="2" falsecount="0"/>
      <line num="272" count="5" type="stmt"/>
      <line num="276" count="7" type="stmt"/>
      <line num="277" count="7" type="cond" truecount="1" falsecount="1"/>
      <line num="278" count="7" type="stmt"/>
      <line num="283" count="6" type="stmt"/>
      <line num="284" count="6" type="cond" truecount="2" falsecount="0"/>
      <line num="285" count="4" type="stmt"/>
      <line num="288" count="2" type="stmt"/>
      <line num="289" count="2" type="cond" truecount="1" falsecount="1"/>
      <line num="290" count="2" type="stmt"/>
      <line num="291" count="2" type="stmt"/>
      <line num="294" count="2" type="stmt"/>
      <line num="298" count="3" type="stmt"/>
      <line num="299" count="5" type="stmt"/>
      <line num="301" count="3" type="stmt"/>
      <line num="305" count="3" type="stmt"/>
      <line num="306" count="3" type="stmt"/>
      <line num="307" count="5" type="stmt"/>
      <line num="309" count="3" type="stmt"/>
      <line num="313" count="46" type="cond" truecount="2" falsecount="0"/>
      <line num="314" count="3" type="stmt"/>
      <line num="317" count="43" type="stmt"/>
      <line num="318" count="43" type="stmt"/>
      <line num="322" count="50" type="cond" truecount="2" falsecount="0"/>
      <line num="323" count="6" type="stmt"/>
      <line num="328" count="67" type="cond" truecount="2" falsecount="0"/>
      <line num="329" count="3" type="stmt"/>
      <line num="331" count="67" type="stmt"/>
      <line num="335" count="4" type="cond" truecount="5" falsecount="0"/>
      <line num="336" count="3" type="stmt"/>
      <line num="337" count="3" type="stmt"/>
      <line num="339" count="1" type="stmt"/>
      <line num="344" count="6" type="cond" truecount="2" falsecount="0"/>
      <line num="345" count="5" type="stmt"/>
      <line num="346" count="5" type="stmt"/>
      <line num="348" count="1" type="stmt"/>
      <line num="353" count="3" type="stmt"/>
      <line num="357" count="3" type="stmt"/>
    </file>
  </project>
</coverage>
