{"/home/matsu/projects/simplr-router/lib/simplr-router-styler.js": {"path":"/home/matsu/projects/simplr-router/lib/simplr-router-styler.js","statementMap":{"0":{"start":{"line":5,"column":8},"end":{"line":7,"column":9}},"1":{"start":{"line":6,"column":12},"end":{"line":6,"column":41}},"2":{"start":{"line":8,"column":22},"end":{"line":8,"column":49}},"3":{"start":{"line":9,"column":8},"end":{"line":9,"column":38}},"4":{"start":{"line":10,"column":8},"end":{"line":10,"column":50}},"5":{"start":{"line":11,"column":8},"end":{"line":11,"column":47}},"6":{"start":{"line":15,"column":8},"end":{"line":15,"column":39}},"7":{"start":{"line":19,"column":20},"end":{"line":19,"column":51}},"8":{"start":{"line":20,"column":8},"end":{"line":20,"column":41}},"9":{"start":{"line":21,"column":8},"end":{"line":21,"column":36}},"10":{"start":{"line":22,"column":8},"end":{"line":22,"column":27}},"11":{"start":{"line":26,"column":8},"end":{"line":39,"column":10}},"12":{"start":{"line":40,"column":8},"end":{"line":50,"column":10}},"13":{"start":{"line":52,"column":8},"end":{"line":66,"column":10}},"14":{"start":{"line":68,"column":8},"end":{"line":72,"column":10}},"15":{"start":{"line":76,"column":22},"end":{"line":76,"column":24}},"16":{"start":{"line":77,"column":8},"end":{"line":93,"column":9}},"17":{"start":{"line":79,"column":16},"end":{"line":79,"column":57}},"18":{"start":{"line":80,"column":16},"end":{"line":80,"column":22}},"19":{"start":{"line":82,"column":16},"end":{"line":82,"column":58}},"20":{"start":{"line":83,"column":16},"end":{"line":83,"column":22}},"21":{"start":{"line":85,"column":16},"end":{"line":85,"column":58}},"22":{"start":{"line":86,"column":16},"end":{"line":86,"column":22}},"23":{"start":{"line":88,"column":16},"end":{"line":88,"column":59}},"24":{"start":{"line":89,"column":16},"end":{"line":89,"column":22}},"25":{"start":{"line":91,"column":16},"end":{"line":91,"column":57}},"26":{"start":{"line":92,"column":16},"end":{"line":92,"column":22}},"27":{"start":{"line":94,"column":8},"end":{"line":98,"column":10}},"28":{"start":{"line":102,"column":20},"end":{"line":102,"column":42}},"29":{"start":{"line":103,"column":8},"end":{"line":105,"column":10}}},"fnMap":{"0":{"name":"(anonymous_0)","decl":{"start":{"line":4,"column":4},"end":{"line":4,"column":5}},"loc":{"start":{"line":4,"column":24},"end":{"line":12,"column":5}},"line":4},"1":{"name":"(anonymous_1)","decl":{"start":{"line":14,"column":4},"end":{"line":14,"column":5}},"loc":{"start":{"line":14,"column":29},"end":{"line":16,"column":5}},"line":14},"2":{"name":"(anonymous_2)","decl":{"start":{"line":18,"column":4},"end":{"line":18,"column":5}},"loc":{"start":{"line":18,"column":27},"end":{"line":23,"column":5}},"line":18},"3":{"name":"(anonymous_3)","decl":{"start":{"line":25,"column":4},"end":{"line":25,"column":5}},"loc":{"start":{"line":25,"column":29},"end":{"line":73,"column":5}},"line":25},"4":{"name":"(anonymous_4)","decl":{"start":{"line":75,"column":4},"end":{"line":75,"column":5}},"loc":{"start":{"line":75,"column":41},"end":{"line":99,"column":5}},"line":75},"5":{"name":"(anonymous_5)","decl":{"start":{"line":101,"column":4},"end":{"line":101,"column":5}},"loc":{"start":{"line":101,"column":38},"end":{"line":106,"column":5}},"line":101}},"branchMap":{"0":{"loc":{"start":{"line":5,"column":8},"end":{"line":7,"column":9}},"type":"if","locations":[{"start":{"line":5,"column":8},"end":{"line":7,"column":9}},{"start":{"line":5,"column":8},"end":{"line":7,"column":9}}],"line":5},"1":{"loc":{"start":{"line":77,"column":8},"end":{"line":93,"column":9}},"type":"switch","locations":[{"start":{"line":78,"column":12},"end":{"line":80,"column":22}},{"start":{"line":81,"column":12},"end":{"line":83,"column":22}},{"start":{"line":84,"column":12},"end":{"line":86,"column":22}},{"start":{"line":87,"column":12},"end":{"line":89,"column":22}},{"start":{"line":90,"column":12},"end":{"line":92,"column":22}}],"line":77}},"s":{"0":1,"1":0,"2":1,"3":1,"4":1,"5":1,"6":1,"7":1,"8":1,"9":1,"10":1,"11":1,"12":1,"13":1,"14":1,"15":1,"16":1,"17":1,"18":1,"19":0,"20":0,"21":0,"22":0,"23":0,"24":0,"25":0,"26":0,"27":1,"28":1,"29":1},"f":{"0":1,"1":1,"2":1,"3":1,"4":1,"5":1},"b":{"0":[0,1],"1":[1,0,0,0,0]},"_coverageSchema":"43e27e138ebf9cfc5966b082cf9a028302ed4184","hash":"e4a1752803cf6af5ed7b63096e63a49153029f87"}
,"/home/matsu/projects/simplr-router/lib/simplr-router-transition-direction.js": {"path":"/home/matsu/projects/simplr-router/lib/simplr-router-transition-direction.js","statementMap":{"0":{"start":{"line":1,"column":35},"end":{"line":6,"column":1}}},"fnMap":{},"branchMap":{},"s":{"0":2},"f":{},"b":{},"_coverageSchema":"43e27e138ebf9cfc5966b082cf9a028302ed4184","hash":"7409ad23a5a1f5245dcc382181d0b27861d7aeb4"}
,"/home/matsu/projects/simplr-router/lib/simplr-router-transition-speed.js": {"path":"/home/matsu/projects/simplr-router/lib/simplr-router-transition-speed.js","statementMap":{"0":{"start":{"line":1,"column":31},"end":{"line":6,"column":1}}},"fnMap":{},"branchMap":{},"s":{"0":2},"f":{},"b":{},"_coverageSchema":"43e27e138ebf9cfc5966b082cf9a028302ed4184","hash":"1d61363e98857df6de733b4dedec842cf1cc7590"}
,"/home/matsu/projects/simplr-router/lib/simplr-router.js": {"path":"/home/matsu/projects/simplr-router/lib/simplr-router.js","statementMap":{"0":{"start":{"line":7,"column":8},"end":{"line":9,"column":9}},"1":{"start":{"line":8,"column":12},"end":{"line":8,"column":75}},"2":{"start":{"line":10,"column":8},"end":{"line":10,"column":43}},"3":{"start":{"line":11,"column":8},"end":{"line":13,"column":9}},"4":{"start":{"line":12,"column":12},"end":{"line":12,"column":58}},"5":{"start":{"line":15,"column":8},"end":{"line":15,"column":45}},"6":{"start":{"line":16,"column":8},"end":{"line":16,"column":37}},"7":{"start":{"line":17,"column":8},"end":{"line":21,"column":9}},"8":{"start":{"line":18,"column":12},"end":{"line":20,"column":14}},"9":{"start":{"line":22,"column":8},"end":{"line":28,"column":10}},"10":{"start":{"line":29,"column":8},"end":{"line":29,"column":51}},"11":{"start":{"line":30,"column":8},"end":{"line":33,"column":42}},"12":{"start":{"line":34,"column":8},"end":{"line":37,"column":46}},"13":{"start":{"line":38,"column":8},"end":{"line":39,"column":71}},"14":{"start":{"line":41,"column":8},"end":{"line":41,"column":53}},"15":{"start":{"line":42,"column":8},"end":{"line":42,"column":55}},"16":{"start":{"line":43,"column":8},"end":{"line":43,"column":47}},"17":{"start":{"line":45,"column":8},"end":{"line":45,"column":42}},"18":{"start":{"line":46,"column":8},"end":{"line":46,"column":39}},"19":{"start":{"line":47,"column":8},"end":{"line":47,"column":37}},"20":{"start":{"line":49,"column":8},"end":{"line":51,"column":9}},"21":{"start":{"line":50,"column":12},"end":{"line":50,"column":47}},"22":{"start":{"line":55,"column":8},"end":{"line":55,"column":38}},"23":{"start":{"line":56,"column":8},"end":{"line":56,"column":38}},"24":{"start":{"line":57,"column":8},"end":{"line":57,"column":68}},"25":{"start":{"line":58,"column":8},"end":{"line":58,"column":37}},"26":{"start":{"line":60,"column":8},"end":{"line":60,"column":29}},"27":{"start":{"line":62,"column":8},"end":{"line":62,"column":33}},"28":{"start":{"line":63,"column":8},"end":{"line":63,"column":35}},"29":{"start":{"line":67,"column":8},"end":{"line":69,"column":9}},"30":{"start":{"line":68,"column":12},"end":{"line":68,"column":48}},"31":{"start":{"line":73,"column":25},"end":{"line":88,"column":10}},"32":{"start":{"line":74,"column":12},"end":{"line":87,"column":15}},"33":{"start":{"line":75,"column":16},"end":{"line":86,"column":17}},"34":{"start":{"line":76,"column":20},"end":{"line":84,"column":21}},"35":{"start":{"line":81,"column":24},"end":{"line":83,"column":26}},"36":{"start":{"line":85,"column":20},"end":{"line":85,"column":62}},"37":{"start":{"line":89,"column":8},"end":{"line":93,"column":11}},"38":{"start":{"line":97,"column":19},"end":{"line":97,"column":43}},"39":{"start":{"line":98,"column":28},"end":{"line":98,"column":59}},"40":{"start":{"line":99,"column":21},"end":{"line":99,"column":71}},"41":{"start":{"line":100,"column":8},"end":{"line":102,"column":9}},"42":{"start":{"line":101,"column":12},"end":{"line":101,"column":19}},"43":{"start":{"line":105,"column":8},"end":{"line":105,"column":49}},"44":{"start":{"line":106,"column":8},"end":{"line":106,"column":78}},"45":{"start":{"line":108,"column":8},"end":{"line":108,"column":63}},"46":{"start":{"line":109,"column":8},"end":{"line":109,"column":47}},"47":{"start":{"line":113,"column":22},"end":{"line":113,"column":40}},"48":{"start":{"line":114,"column":8},"end":{"line":114,"column":47}},"49":{"start":{"line":115,"column":8},"end":{"line":115,"column":39}},"50":{"start":{"line":116,"column":8},"end":{"line":116,"column":59}},"51":{"start":{"line":117,"column":8},"end":{"line":121,"column":46}},"52":{"start":{"line":118,"column":12},"end":{"line":118,"column":43}},"53":{"start":{"line":119,"column":12},"end":{"line":119,"column":46}},"54":{"start":{"line":120,"column":12},"end":{"line":120,"column":28}},"55":{"start":{"line":125,"column":8},"end":{"line":127,"column":9}},"56":{"start":{"line":126,"column":12},"end":{"line":126,"column":67}},"57":{"start":{"line":126,"column":42},"end":{"line":126,"column":65}},"58":{"start":{"line":128,"column":8},"end":{"line":128,"column":36}},"59":{"start":{"line":129,"column":8},"end":{"line":136,"column":11}},"60":{"start":{"line":130,"column":12},"end":{"line":135,"column":17}},"61":{"start":{"line":131,"column":16},"end":{"line":133,"column":17}},"62":{"start":{"line":132,"column":20},"end":{"line":132,"column":30}},"63":{"start":{"line":134,"column":16},"end":{"line":134,"column":51}},"64":{"start":{"line":140,"column":21},"end":{"line":140,"column":50}},"65":{"start":{"line":141,"column":8},"end":{"line":141,"column":55}},"66":{"start":{"line":142,"column":18},"end":{"line":142,"column":47}},"67":{"start":{"line":143,"column":8},"end":{"line":143,"column":62}},"68":{"start":{"line":144,"column":8},"end":{"line":144,"column":32}},"69":{"start":{"line":145,"column":8},"end":{"line":145,"column":39}},"70":{"start":{"line":146,"column":8},"end":{"line":146,"column":57}},"71":{"start":{"line":150,"column":8},"end":{"line":153,"column":9}},"72":{"start":{"line":151,"column":12},"end":{"line":151,"column":43}},"73":{"start":{"line":152,"column":12},"end":{"line":152,"column":41}},"74":{"start":{"line":157,"column":8},"end":{"line":177,"column":14}},"75":{"start":{"line":158,"column":30},"end":{"line":158,"column":70}},"76":{"start":{"line":159,"column":12},"end":{"line":176,"column":15}},"77":{"start":{"line":161,"column":16},"end":{"line":164,"column":17}},"78":{"start":{"line":162,"column":20},"end":{"line":162,"column":47}},"79":{"start":{"line":163,"column":20},"end":{"line":163,"column":27}},"80":{"start":{"line":167,"column":16},"end":{"line":169,"column":19}},"81":{"start":{"line":168,"column":20},"end":{"line":168,"column":49}},"82":{"start":{"line":173,"column":16},"end":{"line":175,"column":17}},"83":{"start":{"line":174,"column":20},"end":{"line":174,"column":65}},"84":{"start":{"line":181,"column":8},"end":{"line":183,"column":9}},"85":{"start":{"line":182,"column":12},"end":{"line":182,"column":19}},"86":{"start":{"line":184,"column":8},"end":{"line":187,"column":11}},"87":{"start":{"line":185,"column":12},"end":{"line":185,"column":31}},"88":{"start":{"line":186,"column":12},"end":{"line":186,"column":56}},"89":{"start":{"line":188,"column":8},"end":{"line":188,"column":52}},"90":{"start":{"line":189,"column":8},"end":{"line":189,"column":65}},"91":{"start":{"line":193,"column":8},"end":{"line":195,"column":9}},"92":{"start":{"line":194,"column":12},"end":{"line":194,"column":19}},"93":{"start":{"line":196,"column":28},"end":{"line":196,"column":58}},"94":{"start":{"line":197,"column":35},"end":{"line":197,"column":72}},"95":{"start":{"line":199,"column":8},"end":{"line":201,"column":9}},"96":{"start":{"line":200,"column":12},"end":{"line":200,"column":62}},"97":{"start":{"line":205,"column":8},"end":{"line":205,"column":41}},"98":{"start":{"line":206,"column":8},"end":{"line":213,"column":11}},"99":{"start":{"line":208,"column":12},"end":{"line":212,"column":13}},"100":{"start":{"line":209,"column":16},"end":{"line":209,"column":50}},"101":{"start":{"line":211,"column":16},"end":{"line":211,"column":41}},"102":{"start":{"line":217,"column":8},"end":{"line":225,"column":9}},"103":{"start":{"line":218,"column":32},"end":{"line":218,"column":52}},"104":{"start":{"line":219,"column":12},"end":{"line":219,"column":74}},"105":{"start":{"line":220,"column":12},"end":{"line":222,"column":44}},"106":{"start":{"line":221,"column":16},"end":{"line":221,"column":47}},"107":{"start":{"line":224,"column":12},"end":{"line":224,"column":34}},"108":{"start":{"line":229,"column":8},"end":{"line":235,"column":10}},"109":{"start":{"line":239,"column":22},"end":{"line":239,"column":78}},"110":{"start":{"line":241,"column":8},"end":{"line":244,"column":9}},"111":{"start":{"line":242,"column":12},"end":{"line":242,"column":58}},"112":{"start":{"line":243,"column":12},"end":{"line":243,"column":46}},"113":{"start":{"line":243,"column":33},"end":{"line":243,"column":46}},"114":{"start":{"line":245,"column":8},"end":{"line":252,"column":9}},"115":{"start":{"line":250,"column":12},"end":{"line":250,"column":59}},"116":{"start":{"line":251,"column":12},"end":{"line":251,"column":46}},"117":{"start":{"line":251,"column":33},"end":{"line":251,"column":46}},"118":{"start":{"line":253,"column":8},"end":{"line":253,"column":41}},"119":{"start":{"line":255,"column":22},"end":{"line":255,"column":51}},"120":{"start":{"line":256,"column":8},"end":{"line":256,"column":49}},"121":{"start":{"line":257,"column":8},"end":{"line":257,"column":20}},"122":{"start":{"line":261,"column":8},"end":{"line":271,"column":9}},"123":{"start":{"line":262,"column":12},"end":{"line":262,"column":39}},"124":{"start":{"line":263,"column":12},"end":{"line":263,"column":24}},"125":{"start":{"line":265,"column":12},"end":{"line":265,"column":47}},"126":{"start":{"line":266,"column":12},"end":{"line":270,"column":13}},"127":{"start":{"line":267,"column":16},"end":{"line":269,"column":18}},"128":{"start":{"line":272,"column":8},"end":{"line":272,"column":23}},"129":{"start":{"line":276,"column":8},"end":{"line":286,"column":9}},"130":{"start":{"line":277,"column":12},"end":{"line":277,"column":40}},"131":{"start":{"line":278,"column":12},"end":{"line":278,"column":24}},"132":{"start":{"line":280,"column":12},"end":{"line":280,"column":48}},"133":{"start":{"line":281,"column":12},"end":{"line":285,"column":13}},"134":{"start":{"line":282,"column":16},"end":{"line":284,"column":18}},"135":{"start":{"line":287,"column":8},"end":{"line":287,"column":23}},"136":{"start":{"line":291,"column":28},"end":{"line":291,"column":32}},"137":{"start":{"line":292,"column":8},"end":{"line":298,"column":9}},"138":{"start":{"line":292,"column":21},"end":{"line":292,"column":22}},"139":{"start":{"line":293,"column":24},"end":{"line":293,"column":38}},"140":{"start":{"line":294,"column":12},"end":{"line":297,"column":13}},"141":{"start":{"line":295,"column":16},"end":{"line":295,"column":38}},"142":{"start":{"line":296,"column":16},"end":{"line":296,"column":22}},"143":{"start":{"line":299,"column":8},"end":{"line":299,"column":29}},"144":{"start":{"line":303,"column":29},"end":{"line":303,"column":33}},"145":{"start":{"line":304,"column":8},"end":{"line":310,"column":9}},"146":{"start":{"line":304,"column":21},"end":{"line":304,"column":22}},"147":{"start":{"line":305,"column":24},"end":{"line":305,"column":38}},"148":{"start":{"line":306,"column":12},"end":{"line":309,"column":13}},"149":{"start":{"line":307,"column":16},"end":{"line":307,"column":39}},"150":{"start":{"line":308,"column":16},"end":{"line":308,"column":22}},"151":{"start":{"line":311,"column":8},"end":{"line":311,"column":30}},"152":{"start":{"line":315,"column":25},"end":{"line":315,"column":59}},"153":{"start":{"line":316,"column":8},"end":{"line":322,"column":9}},"154":{"start":{"line":317,"column":12},"end":{"line":321,"column":13}},"155":{"start":{"line":318,"column":16},"end":{"line":320,"column":17}},"156":{"start":{"line":319,"column":20},"end":{"line":319,"column":68}},"157":{"start":{"line":323,"column":26},"end":{"line":323,"column":55}},"158":{"start":{"line":324,"column":8},"end":{"line":324,"column":48}},"159":{"start":{"line":325,"column":8},"end":{"line":325,"column":64}},"160":{"start":{"line":326,"column":8},"end":{"line":326,"column":60}},"161":{"start":{"line":327,"column":8},"end":{"line":327,"column":44}},"162":{"start":{"line":329,"column":8},"end":{"line":329,"column":45}},"163":{"start":{"line":330,"column":8},"end":{"line":330,"column":43}},"164":{"start":{"line":332,"column":8},"end":{"line":332,"column":27}},"165":{"start":{"line":336,"column":8},"end":{"line":336,"column":60}},"166":{"start":{"line":337,"column":8},"end":{"line":340,"column":10}},"167":{"start":{"line":344,"column":27},"end":{"line":344,"column":31}},"168":{"start":{"line":346,"column":8},"end":{"line":352,"column":9}},"169":{"start":{"line":346,"column":21},"end":{"line":346,"column":22}},"170":{"start":{"line":347,"column":24},"end":{"line":347,"column":38}},"171":{"start":{"line":348,"column":12},"end":{"line":348,"column":62}},"172":{"start":{"line":349,"column":12},"end":{"line":351,"column":13}},"173":{"start":{"line":350,"column":16},"end":{"line":350,"column":37}},"174":{"start":{"line":353,"column":8},"end":{"line":371,"column":9}},"175":{"start":{"line":355,"column":33},"end":{"line":355,"column":65}},"176":{"start":{"line":356,"column":12},"end":{"line":370,"column":13}},"177":{"start":{"line":356,"column":25},"end":{"line":356,"column":26}},"178":{"start":{"line":357,"column":28},"end":{"line":357,"column":42}},"179":{"start":{"line":358,"column":16},"end":{"line":358,"column":66}},"180":{"start":{"line":359,"column":16},"end":{"line":361,"column":17}},"181":{"start":{"line":360,"column":20},"end":{"line":360,"column":29}},"182":{"start":{"line":362,"column":16},"end":{"line":366,"column":18}},"183":{"start":{"line":367,"column":16},"end":{"line":369,"column":17}},"184":{"start":{"line":368,"column":20},"end":{"line":368,"column":26}},"185":{"start":{"line":372,"column":8},"end":{"line":372,"column":28}},"186":{"start":{"line":376,"column":27},"end":{"line":376,"column":47}},"187":{"start":{"line":377,"column":21},"end":{"line":377,"column":66}},"188":{"start":{"line":378,"column":8},"end":{"line":378,"column":47}},"189":{"start":{"line":378,"column":31},"end":{"line":378,"column":45}},"190":{"start":{"line":382,"column":27},"end":{"line":382,"column":47}},"191":{"start":{"line":383,"column":21},"end":{"line":383,"column":66}},"192":{"start":{"line":384,"column":8},"end":{"line":384,"column":22}},"193":{"start":{"line":389,"column":30},"end":{"line":389,"column":70}},"194":{"start":{"line":390,"column":8},"end":{"line":392,"column":9}},"195":{"start":{"line":391,"column":12},"end":{"line":391,"column":24}},"196":{"start":{"line":394,"column":24},"end":{"line":398,"column":9}},"197":{"start":{"line":399,"column":8},"end":{"line":410,"column":9}},"198":{"start":{"line":400,"column":31},"end":{"line":403,"column":13}},"199":{"start":{"line":404,"column":12},"end":{"line":409,"column":14}},"200":{"start":{"line":412,"column":8},"end":{"line":412,"column":28}},"201":{"start":{"line":416,"column":8},"end":{"line":418,"column":9}},"202":{"start":{"line":416,"column":21},"end":{"line":416,"column":22}},"203":{"start":{"line":417,"column":12},"end":{"line":417,"column":63}},"204":{"start":{"line":419,"column":8},"end":{"line":419,"column":20}},"205":{"start":{"line":423,"column":21},"end":{"line":423,"column":23}},"206":{"start":{"line":424,"column":8},"end":{"line":426,"column":9}},"207":{"start":{"line":424,"column":21},"end":{"line":424,"column":22}},"208":{"start":{"line":425,"column":12},"end":{"line":425,"column":64}},"209":{"start":{"line":427,"column":8},"end":{"line":427,"column":22}},"210":{"start":{"line":431,"column":8},"end":{"line":436,"column":9}},"211":{"start":{"line":432,"column":12},"end":{"line":435,"column":14}},"212":{"start":{"line":437,"column":8},"end":{"line":437,"column":29}},"213":{"start":{"line":438,"column":8},"end":{"line":440,"column":9}},"214":{"start":{"line":439,"column":12},"end":{"line":439,"column":63}},"215":{"start":{"line":444,"column":8},"end":{"line":446,"column":9}},"216":{"start":{"line":445,"column":12},"end":{"line":445,"column":47}},"217":{"start":{"line":450,"column":8},"end":{"line":452,"column":9}},"218":{"start":{"line":451,"column":12},"end":{"line":451,"column":30}},"219":{"start":{"line":453,"column":8},"end":{"line":453,"column":20}},"220":{"start":{"line":457,"column":8},"end":{"line":467,"column":9}},"221":{"start":{"line":461,"column":12},"end":{"line":461,"column":48}},"222":{"start":{"line":462,"column":12},"end":{"line":462,"column":40}},"223":{"start":{"line":464,"column":12},"end":{"line":466,"column":14}},"224":{"start":{"line":471,"column":8},"end":{"line":478,"column":9}},"225":{"start":{"line":472,"column":12},"end":{"line":472,"column":60}},"226":{"start":{"line":473,"column":12},"end":{"line":473,"column":40}},"227":{"start":{"line":475,"column":12},"end":{"line":477,"column":14}},"228":{"start":{"line":482,"column":8},"end":{"line":482,"column":45}},"229":{"start":{"line":486,"column":8},"end":{"line":486,"column":44}}},"fnMap":{"0":{"name":"(anonymous_0)","decl":{"start":{"line":6,"column":4},"end":{"line":6,"column":5}},"loc":{"start":{"line":6,"column":25},"end":{"line":52,"column":5}},"line":6},"1":{"name":"(anonymous_1)","decl":{"start":{"line":54,"column":4},"end":{"line":54,"column":5}},"loc":{"start":{"line":54,"column":11},"end":{"line":64,"column":5}},"line":54},"2":{"name":"(anonymous_2)","decl":{"start":{"line":66,"column":4},"end":{"line":66,"column":5}},"loc":{"start":{"line":66,"column":32},"end":{"line":70,"column":5}},"line":66},"3":{"name":"(anonymous_3)","decl":{"start":{"line":72,"column":4},"end":{"line":72,"column":5}},"loc":{"start":{"line":72,"column":29},"end":{"line":94,"column":5}},"line":72},"4":{"name":"(anonymous_4)","decl":{"start":{"line":73,"column":46},"end":{"line":73,"column":47}},"loc":{"start":{"line":73,"column":63},"end":{"line":88,"column":9}},"line":73},"5":{"name":"(anonymous_5)","decl":{"start":{"line":74,"column":30},"end":{"line":74,"column":31}},"loc":{"start":{"line":74,"column":39},"end":{"line":87,"column":13}},"line":74},"6":{"name":"(anonymous_6)","decl":{"start":{"line":96,"column":4},"end":{"line":96,"column":5}},"loc":{"start":{"line":96,"column":24},"end":{"line":110,"column":5}},"line":96},"7":{"name":"(anonymous_7)","decl":{"start":{"line":112,"column":4},"end":{"line":112,"column":5}},"loc":{"start":{"line":112,"column":51},"end":{"line":122,"column":5}},"line":112},"8":{"name":"(anonymous_8)","decl":{"start":{"line":117,"column":19},"end":{"line":117,"column":20}},"loc":{"start":{"line":117,"column":25},"end":{"line":121,"column":9}},"line":117},"9":{"name":"(anonymous_9)","decl":{"start":{"line":124,"column":4},"end":{"line":124,"column":5}},"loc":{"start":{"line":124,"column":38},"end":{"line":137,"column":5}},"line":124},"10":{"name":"(anonymous_10)","decl":{"start":{"line":126,"column":31},"end":{"line":126,"column":32}},"loc":{"start":{"line":126,"column":42},"end":{"line":126,"column":65}},"line":126},"11":{"name":"(anonymous_11)","decl":{"start":{"line":129,"column":27},"end":{"line":129,"column":28}},"loc":{"start":{"line":129,"column":38},"end":{"line":136,"column":9}},"line":129},"12":{"name":"_waitForLoadingOff","decl":{"start":{"line":130,"column":22},"end":{"line":130,"column":40}},"loc":{"start":{"line":130,"column":43},"end":{"line":135,"column":13}},"line":130},"13":{"name":"(anonymous_13)","decl":{"start":{"line":139,"column":4},"end":{"line":139,"column":5}},"loc":{"start":{"line":139,"column":27},"end":{"line":147,"column":5}},"line":139},"14":{"name":"(anonymous_14)","decl":{"start":{"line":149,"column":4},"end":{"line":149,"column":5}},"loc":{"start":{"line":149,"column":30},"end":{"line":154,"column":5}},"line":149},"15":{"name":"(anonymous_15)","decl":{"start":{"line":156,"column":4},"end":{"line":156,"column":5}},"loc":{"start":{"line":156,"column":35},"end":{"line":178,"column":5}},"line":156},"16":{"name":"(anonymous_16)","decl":{"start":{"line":157,"column":19},"end":{"line":157,"column":20}},"loc":{"start":{"line":157,"column":25},"end":{"line":177,"column":9}},"line":157},"17":{"name":"(anonymous_17)","decl":{"start":{"line":159,"column":28},"end":{"line":159,"column":29}},"loc":{"start":{"line":159,"column":36},"end":{"line":176,"column":13}},"line":159},"18":{"name":"(anonymous_18)","decl":{"start":{"line":167,"column":51},"end":{"line":167,"column":52}},"loc":{"start":{"line":167,"column":61},"end":{"line":169,"column":17}},"line":167},"19":{"name":"(anonymous_19)","decl":{"start":{"line":180,"column":4},"end":{"line":180,"column":5}},"loc":{"start":{"line":180,"column":28},"end":{"line":190,"column":5}},"line":180},"20":{"name":"(anonymous_20)","decl":{"start":{"line":184,"column":41},"end":{"line":184,"column":42}},"loc":{"start":{"line":184,"column":46},"end":{"line":187,"column":9}},"line":184},"21":{"name":"(anonymous_21)","decl":{"start":{"line":192,"column":4},"end":{"line":192,"column":5}},"loc":{"start":{"line":192,"column":20},"end":{"line":202,"column":5}},"line":192},"22":{"name":"(anonymous_22)","decl":{"start":{"line":204,"column":4},"end":{"line":204,"column":5}},"loc":{"start":{"line":204,"column":28},"end":{"line":214,"column":5}},"line":204},"23":{"name":"(anonymous_23)","decl":{"start":{"line":206,"column":44},"end":{"line":206,"column":45}},"loc":{"start":{"line":206,"column":50},"end":{"line":213,"column":9}},"line":206},"24":{"name":"(anonymous_24)","decl":{"start":{"line":216,"column":4},"end":{"line":216,"column":5}},"loc":{"start":{"line":216,"column":33},"end":{"line":226,"column":5}},"line":216},"25":{"name":"(anonymous_25)","decl":{"start":{"line":220,"column":23},"end":{"line":220,"column":24}},"loc":{"start":{"line":220,"column":29},"end":{"line":222,"column":13}},"line":220},"26":{"name":"(anonymous_26)","decl":{"start":{"line":228,"column":4},"end":{"line":228,"column":5}},"loc":{"start":{"line":228,"column":35},"end":{"line":236,"column":5}},"line":228},"27":{"name":"(anonymous_27)","decl":{"start":{"line":238,"column":4},"end":{"line":238,"column":5}},"loc":{"start":{"line":238,"column":42},"end":{"line":258,"column":5}},"line":238},"28":{"name":"(anonymous_28)","decl":{"start":{"line":260,"column":4},"end":{"line":260,"column":5}},"loc":{"start":{"line":260,"column":35},"end":{"line":273,"column":5}},"line":260},"29":{"name":"(anonymous_29)","decl":{"start":{"line":275,"column":4},"end":{"line":275,"column":5}},"loc":{"start":{"line":275,"column":36},"end":{"line":288,"column":5}},"line":275},"30":{"name":"(anonymous_30)","decl":{"start":{"line":290,"column":4},"end":{"line":290,"column":5}},"loc":{"start":{"line":290,"column":24},"end":{"line":300,"column":5}},"line":290},"31":{"name":"(anonymous_31)","decl":{"start":{"line":302,"column":4},"end":{"line":302,"column":5}},"loc":{"start":{"line":302,"column":25},"end":{"line":312,"column":5}},"line":302},"32":{"name":"(anonymous_32)","decl":{"start":{"line":314,"column":4},"end":{"line":314,"column":5}},"loc":{"start":{"line":314,"column":27},"end":{"line":333,"column":5}},"line":314},"33":{"name":"(anonymous_33)","decl":{"start":{"line":335,"column":4},"end":{"line":335,"column":5}},"loc":{"start":{"line":335,"column":38},"end":{"line":341,"column":5}},"line":335},"34":{"name":"(anonymous_34)","decl":{"start":{"line":343,"column":4},"end":{"line":343,"column":5}},"loc":{"start":{"line":343,"column":28},"end":{"line":373,"column":5}},"line":343},"35":{"name":"(anonymous_35)","decl":{"start":{"line":375,"column":4},"end":{"line":375,"column":5}},"loc":{"start":{"line":375,"column":32},"end":{"line":379,"column":5}},"line":375},"36":{"name":"(anonymous_36)","decl":{"start":{"line":378,"column":26},"end":{"line":378,"column":27}},"loc":{"start":{"line":378,"column":31},"end":{"line":378,"column":45}},"line":378},"37":{"name":"(anonymous_37)","decl":{"start":{"line":381,"column":4},"end":{"line":381,"column":5}},"loc":{"start":{"line":381,"column":35},"end":{"line":385,"column":5}},"line":381},"38":{"name":"(anonymous_38)","decl":{"start":{"line":387,"column":4},"end":{"line":387,"column":5}},"loc":{"start":{"line":387,"column":50},"end":{"line":413,"column":5}},"line":387},"39":{"name":"(anonymous_39)","decl":{"start":{"line":415,"column":4},"end":{"line":415,"column":5}},"loc":{"start":{"line":415,"column":69},"end":{"line":420,"column":5}},"line":415},"40":{"name":"(anonymous_40)","decl":{"start":{"line":422,"column":4},"end":{"line":422,"column":5}},"loc":{"start":{"line":422,"column":44},"end":{"line":428,"column":5}},"line":422},"41":{"name":"(anonymous_41)","decl":{"start":{"line":430,"column":4},"end":{"line":430,"column":5}},"loc":{"start":{"line":430,"column":24},"end":{"line":441,"column":5}},"line":430},"42":{"name":"(anonymous_42)","decl":{"start":{"line":443,"column":4},"end":{"line":443,"column":5}},"loc":{"start":{"line":443,"column":20},"end":{"line":447,"column":5}},"line":443},"43":{"name":"(anonymous_43)","decl":{"start":{"line":449,"column":4},"end":{"line":449,"column":5}},"loc":{"start":{"line":449,"column":30},"end":{"line":454,"column":5}},"line":449},"44":{"name":"(anonymous_44)","decl":{"start":{"line":456,"column":4},"end":{"line":456,"column":5}},"loc":{"start":{"line":456,"column":37},"end":{"line":468,"column":5}},"line":456},"45":{"name":"(anonymous_45)","decl":{"start":{"line":470,"column":4},"end":{"line":470,"column":5}},"loc":{"start":{"line":470,"column":49},"end":{"line":479,"column":5}},"line":470},"46":{"name":"(anonymous_46)","decl":{"start":{"line":481,"column":4},"end":{"line":481,"column":5}},"loc":{"start":{"line":481,"column":38},"end":{"line":483,"column":5}},"line":481},"47":{"name":"(anonymous_47)","decl":{"start":{"line":485,"column":4},"end":{"line":485,"column":5}},"loc":{"start":{"line":485,"column":37},"end":{"line":487,"column":5}},"line":485}},"branchMap":{"0":{"loc":{"start":{"line":7,"column":8},"end":{"line":9,"column":9}},"type":"if","locations":[{"start":{"line":7,"column":8},"end":{"line":9,"column":9}},{"start":{"line":7,"column":8},"end":{"line":9,"column":9}}],"line":7},"1":{"loc":{"start":{"line":11,"column":8},"end":{"line":13,"column":9}},"type":"if","locations":[{"start":{"line":11,"column":8},"end":{"line":13,"column":9}},{"start":{"line":11,"column":8},"end":{"line":13,"column":9}}],"line":11},"2":{"loc":{"start":{"line":17,"column":8},"end":{"line":21,"column":9}},"type":"if","locations":[{"start":{"line":17,"column":8},"end":{"line":21,"column":9}},{"start":{"line":17,"column":8},"end":{"line":21,"column":9}}],"line":17},"3":{"loc":{"start":{"line":31,"column":12},"end":{"line":33,"column":41}},"type":"cond-expr","locations":[{"start":{"line":32,"column":18},"end":{"line":32,"column":38}},{"start":{"line":33,"column":18},"end":{"line":33,"column":41}}],"line":31},"4":{"loc":{"start":{"line":35,"column":12},"end":{"line":37,"column":45}},"type":"cond-expr","locations":[{"start":{"line":36,"column":18},"end":{"line":36,"column":43}},{"start":{"line":37,"column":18},"end":{"line":37,"column":45}}],"line":35},"5":{"loc":{"start":{"line":39,"column":12},"end":{"line":39,"column":70}},"type":"cond-expr","locations":[{"start":{"line":39,"column":46},"end":{"line":39,"column":50}},{"start":{"line":39,"column":53},"end":{"line":39,"column":70}}],"line":39},"6":{"loc":{"start":{"line":49,"column":8},"end":{"line":51,"column":9}},"type":"if","locations":[{"start":{"line":49,"column":8},"end":{"line":51,"column":9}},{"start":{"line":49,"column":8},"end":{"line":51,"column":9}}],"line":49},"7":{"loc":{"start":{"line":67,"column":8},"end":{"line":69,"column":9}},"type":"if","locations":[{"start":{"line":67,"column":8},"end":{"line":69,"column":9}},{"start":{"line":67,"column":8},"end":{"line":69,"column":9}}],"line":67},"8":{"loc":{"start":{"line":75,"column":16},"end":{"line":86,"column":17}},"type":"if","locations":[{"start":{"line":75,"column":16},"end":{"line":86,"column":17}},{"start":{"line":75,"column":16},"end":{"line":86,"column":17}}],"line":75},"9":{"loc":{"start":{"line":75,"column":20},"end":{"line":75,"column":75}},"type":"binary-expr","locations":[{"start":{"line":75,"column":20},"end":{"line":75,"column":40}},{"start":{"line":75,"column":44},"end":{"line":75,"column":75}}],"line":75},"10":{"loc":{"start":{"line":76,"column":20},"end":{"line":84,"column":21}},"type":"if","locations":[{"start":{"line":76,"column":20},"end":{"line":84,"column":21}},{"start":{"line":76,"column":20},"end":{"line":84,"column":21}}],"line":76},"11":{"loc":{"start":{"line":99,"column":21},"end":{"line":99,"column":71}},"type":"cond-expr","locations":[{"start":{"line":99,"column":48},"end":{"line":99,"column":64}},{"start":{"line":99,"column":67},"end":{"line":99,"column":71}}],"line":99},"12":{"loc":{"start":{"line":100,"column":8},"end":{"line":102,"column":9}},"type":"if","locations":[{"start":{"line":100,"column":8},"end":{"line":102,"column":9}},{"start":{"line":100,"column":8},"end":{"line":102,"column":9}}],"line":100},"13":{"loc":{"start":{"line":106,"column":49},"end":{"line":106,"column":75}},"type":"cond-expr","locations":[{"start":{"line":106,"column":58},"end":{"line":106,"column":70}},{"start":{"line":106,"column":73},"end":{"line":106,"column":75}}],"line":106},"14":{"loc":{"start":{"line":125,"column":8},"end":{"line":127,"column":9}},"type":"if","locations":[{"start":{"line":125,"column":8},"end":{"line":127,"column":9}},{"start":{"line":125,"column":8},"end":{"line":127,"column":9}}],"line":125},"15":{"loc":{"start":{"line":125,"column":12},"end":{"line":125,"column":64}},"type":"binary-expr","locations":[{"start":{"line":125,"column":12},"end":{"line":125,"column":29}},{"start":{"line":125,"column":33},"end":{"line":125,"column":64}}],"line":125},"16":{"loc":{"start":{"line":131,"column":16},"end":{"line":133,"column":17}},"type":"if","locations":[{"start":{"line":131,"column":16},"end":{"line":133,"column":17}},{"start":{"line":131,"column":16},"end":{"line":133,"column":17}}],"line":131},"17":{"loc":{"start":{"line":150,"column":8},"end":{"line":153,"column":9}},"type":"if","locations":[{"start":{"line":150,"column":8},"end":{"line":153,"column":9}},{"start":{"line":150,"column":8},"end":{"line":153,"column":9}}],"line":150},"18":{"loc":{"start":{"line":161,"column":16},"end":{"line":164,"column":17}},"type":"if","locations":[{"start":{"line":161,"column":16},"end":{"line":164,"column":17}},{"start":{"line":161,"column":16},"end":{"line":164,"column":17}}],"line":161},"19":{"loc":{"start":{"line":173,"column":16},"end":{"line":175,"column":17}},"type":"if","locations":[{"start":{"line":173,"column":16},"end":{"line":175,"column":17}},{"start":{"line":173,"column":16},"end":{"line":175,"column":17}}],"line":173},"20":{"loc":{"start":{"line":181,"column":8},"end":{"line":183,"column":9}},"type":"if","locations":[{"start":{"line":181,"column":8},"end":{"line":183,"column":9}},{"start":{"line":181,"column":8},"end":{"line":183,"column":9}}],"line":181},"21":{"loc":{"start":{"line":193,"column":8},"end":{"line":195,"column":9}},"type":"if","locations":[{"start":{"line":193,"column":8},"end":{"line":195,"column":9}},{"start":{"line":193,"column":8},"end":{"line":195,"column":9}}],"line":193},"22":{"loc":{"start":{"line":199,"column":8},"end":{"line":201,"column":9}},"type":"if","locations":[{"start":{"line":199,"column":8},"end":{"line":201,"column":9}},{"start":{"line":199,"column":8},"end":{"line":201,"column":9}}],"line":199},"23":{"loc":{"start":{"line":208,"column":12},"end":{"line":212,"column":13}},"type":"if","locations":[{"start":{"line":208,"column":12},"end":{"line":212,"column":13}},{"start":{"line":208,"column":12},"end":{"line":212,"column":13}}],"line":208},"24":{"loc":{"start":{"line":217,"column":8},"end":{"line":225,"column":9}},"type":"if","locations":[{"start":{"line":217,"column":8},"end":{"line":225,"column":9}},{"start":{"line":217,"column":8},"end":{"line":225,"column":9}}],"line":217},"25":{"loc":{"start":{"line":230,"column":12},"end":{"line":234,"column":68}},"type":"binary-expr","locations":[{"start":{"line":230,"column":13},"end":{"line":230,"column":38}},{"start":{"line":231,"column":16},"end":{"line":232,"column":66}},{"start":{"line":233,"column":13},"end":{"line":233,"column":40}},{"start":{"line":234,"column":16},"end":{"line":234,"column":67}}],"line":230},"26":{"loc":{"start":{"line":241,"column":8},"end":{"line":244,"column":9}},"type":"if","locations":[{"start":{"line":241,"column":8},"end":{"line":244,"column":9}},{"start":{"line":241,"column":8},"end":{"line":244,"column":9}}],"line":241},"27":{"loc":{"start":{"line":243,"column":12},"end":{"line":243,"column":46}},"type":"if","locations":[{"start":{"line":243,"column":12},"end":{"line":243,"column":46}},{"start":{"line":243,"column":12},"end":{"line":243,"column":46}}],"line":243},"28":{"loc":{"start":{"line":245,"column":8},"end":{"line":252,"column":9}},"type":"if","locations":[{"start":{"line":245,"column":8},"end":{"line":252,"column":9}},{"start":{"line":245,"column":8},"end":{"line":252,"column":9}}],"line":245},"29":{"loc":{"start":{"line":246,"column":12},"end":{"line":248,"column":33}},"type":"binary-expr","locations":[{"start":{"line":246,"column":12},"end":{"line":246,"column":25}},{"start":{"line":247,"column":12},"end":{"line":247,"column":47}},{"start":{"line":248,"column":12},"end":{"line":248,"column":33}}],"line":246},"30":{"loc":{"start":{"line":251,"column":12},"end":{"line":251,"column":46}},"type":"if","locations":[{"start":{"line":251,"column":12},"end":{"line":251,"column":46}},{"start":{"line":251,"column":12},"end":{"line":251,"column":46}}],"line":251},"31":{"loc":{"start":{"line":261,"column":8},"end":{"line":271,"column":9}},"type":"if","locations":[{"start":{"line":261,"column":8},"end":{"line":271,"column":9}},{"start":{"line":261,"column":8},"end":{"line":271,"column":9}}],"line":261},"32":{"loc":{"start":{"line":266,"column":12},"end":{"line":270,"column":13}},"type":"if","locations":[{"start":{"line":266,"column":12},"end":{"line":270,"column":13}},{"start":{"line":266,"column":12},"end":{"line":270,"column":13}}],"line":266},"33":{"loc":{"start":{"line":276,"column":8},"end":{"line":286,"column":9}},"type":"if","locations":[{"start":{"line":276,"column":8},"end":{"line":286,"column":9}},{"start":{"line":276,"column":8},"end":{"line":286,"column":9}}],"line":276},"34":{"loc":{"start":{"line":281,"column":12},"end":{"line":285,"column":13}},"type":"if","locations":[{"start":{"line":281,"column":12},"end":{"line":285,"column":13}},{"start":{"line":281,"column":12},"end":{"line":285,"column":13}}],"line":281},"35":{"loc":{"start":{"line":294,"column":12},"end":{"line":297,"column":13}},"type":"if","locations":[{"start":{"line":294,"column":12},"end":{"line":297,"column":13}},{"start":{"line":294,"column":12},"end":{"line":297,"column":13}}],"line":294},"36":{"loc":{"start":{"line":294,"column":16},"end":{"line":294,"column":73}},"type":"binary-expr","locations":[{"start":{"line":294,"column":16},"end":{"line":294,"column":42}},{"start":{"line":294,"column":46},"end":{"line":294,"column":73}}],"line":294},"37":{"loc":{"start":{"line":306,"column":12},"end":{"line":309,"column":13}},"type":"if","locations":[{"start":{"line":306,"column":12},"end":{"line":309,"column":13}},{"start":{"line":306,"column":12},"end":{"line":309,"column":13}}],"line":306},"38":{"loc":{"start":{"line":306,"column":16},"end":{"line":306,"column":73}},"type":"binary-expr","locations":[{"start":{"line":306,"column":16},"end":{"line":306,"column":42}},{"start":{"line":306,"column":46},"end":{"line":306,"column":73}}],"line":306},"39":{"loc":{"start":{"line":316,"column":8},"end":{"line":322,"column":9}},"type":"if","locations":[{"start":{"line":316,"column":8},"end":{"line":322,"column":9}},{"start":{"line":316,"column":8},"end":{"line":322,"column":9}}],"line":316},"40":{"loc":{"start":{"line":318,"column":16},"end":{"line":320,"column":17}},"type":"if","locations":[{"start":{"line":318,"column":16},"end":{"line":320,"column":17}},{"start":{"line":318,"column":16},"end":{"line":320,"column":17}}],"line":318},"41":{"loc":{"start":{"line":349,"column":12},"end":{"line":351,"column":13}},"type":"if","locations":[{"start":{"line":349,"column":12},"end":{"line":351,"column":13}},{"start":{"line":349,"column":12},"end":{"line":351,"column":13}}],"line":349},"42":{"loc":{"start":{"line":353,"column":8},"end":{"line":371,"column":9}},"type":"if","locations":[{"start":{"line":353,"column":8},"end":{"line":371,"column":9}},{"start":{"line":353,"column":8},"end":{"line":371,"column":9}}],"line":353},"43":{"loc":{"start":{"line":359,"column":16},"end":{"line":361,"column":17}},"type":"if","locations":[{"start":{"line":359,"column":16},"end":{"line":361,"column":17}},{"start":{"line":359,"column":16},"end":{"line":361,"column":17}}],"line":359},"44":{"loc":{"start":{"line":367,"column":16},"end":{"line":369,"column":17}},"type":"if","locations":[{"start":{"line":367,"column":16},"end":{"line":369,"column":17}},{"start":{"line":367,"column":16},"end":{"line":369,"column":17}}],"line":367},"45":{"loc":{"start":{"line":377,"column":21},"end":{"line":377,"column":66}},"type":"cond-expr","locations":[{"start":{"line":377,"column":44},"end":{"line":377,"column":61}},{"start":{"line":377,"column":64},"end":{"line":377,"column":66}}],"line":377},"46":{"loc":{"start":{"line":383,"column":21},"end":{"line":383,"column":66}},"type":"cond-expr","locations":[{"start":{"line":383,"column":44},"end":{"line":383,"column":61}},{"start":{"line":383,"column":64},"end":{"line":383,"column":66}}],"line":383},"47":{"loc":{"start":{"line":390,"column":8},"end":{"line":392,"column":9}},"type":"if","locations":[{"start":{"line":390,"column":8},"end":{"line":392,"column":9}},{"start":{"line":390,"column":8},"end":{"line":392,"column":9}}],"line":390},"48":{"loc":{"start":{"line":399,"column":8},"end":{"line":410,"column":9}},"type":"if","locations":[{"start":{"line":399,"column":8},"end":{"line":410,"column":9}},{"start":{"line":399,"column":8},"end":{"line":410,"column":9}}],"line":399},"49":{"loc":{"start":{"line":431,"column":8},"end":{"line":436,"column":9}},"type":"if","locations":[{"start":{"line":431,"column":8},"end":{"line":436,"column":9}},{"start":{"line":431,"column":8},"end":{"line":436,"column":9}}],"line":431},"50":{"loc":{"start":{"line":438,"column":8},"end":{"line":440,"column":9}},"type":"if","locations":[{"start":{"line":438,"column":8},"end":{"line":440,"column":9}},{"start":{"line":438,"column":8},"end":{"line":440,"column":9}}],"line":438},"51":{"loc":{"start":{"line":444,"column":8},"end":{"line":446,"column":9}},"type":"if","locations":[{"start":{"line":444,"column":8},"end":{"line":446,"column":9}},{"start":{"line":444,"column":8},"end":{"line":446,"column":9}}],"line":444},"52":{"loc":{"start":{"line":450,"column":8},"end":{"line":452,"column":9}},"type":"if","locations":[{"start":{"line":450,"column":8},"end":{"line":452,"column":9}},{"start":{"line":450,"column":8},"end":{"line":452,"column":9}}],"line":450},"53":{"loc":{"start":{"line":457,"column":8},"end":{"line":467,"column":9}},"type":"if","locations":[{"start":{"line":457,"column":8},"end":{"line":467,"column":9}},{"start":{"line":457,"column":8},"end":{"line":467,"column":9}}],"line":457},"54":{"loc":{"start":{"line":458,"column":12},"end":{"line":459,"column":71}},"type":"binary-expr","locations":[{"start":{"line":458,"column":12},"end":{"line":458,"column":36}},{"start":{"line":459,"column":13},"end":{"line":459,"column":34}},{"start":{"line":459,"column":38},"end":{"line":459,"column":70}}],"line":458},"55":{"loc":{"start":{"line":471,"column":8},"end":{"line":478,"column":9}},"type":"if","locations":[{"start":{"line":471,"column":8},"end":{"line":478,"column":9}},{"start":{"line":471,"column":8},"end":{"line":478,"column":9}}],"line":471}},"s":{"0":44,"1":1,"2":43,"3":43,"4":0,"5":43,"6":43,"7":43,"8":0,"9":43,"10":43,"11":43,"12":43,"13":43,"14":43,"15":43,"16":43,"17":43,"18":43,"19":43,"20":43,"21":0,"22":43,"23":42,"24":42,"25":42,"26":42,"27":42,"28":42,"29":0,"30":0,"31":42,"32":0,"33":0,"34":0,"35":0,"36":0,"37":42,"38":43,"39":43,"40":43,"41":43,"42":41,"43":2,"44":2,"45":2,"46":2,"47":0,"48":0,"49":0,"50":0,"51":0,"52":0,"53":0,"54":0,"55":0,"56":0,"57":0,"58":0,"59":0,"60":0,"61":0,"62":0,"63":0,"64":0,"65":0,"66":0,"67":0,"68":0,"69":0,"70":0,"71":0,"72":0,"73":0,"74":43,"75":21,"76":21,"77":82,"78":60,"79":60,"80":22,"81":60,"82":22,"83":0,"84":121,"85":114,"86":7,"87":1,"88":1,"89":7,"90":7,"91":1,"92":0,"93":1,"94":1,"95":1,"96":1,"97":42,"98":42,"99":0,"100":0,"101":0,"102":1,"103":1,"104":1,"105":1,"106":1,"107":0,"108":0,"109":9,"110":9,"111":2,"112":1,"113":1,"114":7,"115":2,"116":1,"117":1,"118":5,"119":5,"120":5,"121":5,"122":5,"123":2,"124":2,"125":3,"126":3,"127":2,"128":1,"129":5,"130":2,"131":2,"132":3,"133":3,"134":2,"135":1,"136":5,"137":5,"138":5,"139":20,"140":20,"141":2,"142":2,"143":5,"144":5,"145":5,"146":5,"147":22,"148":22,"149":2,"150":2,"151":5,"152":6,"153":6,"154":0,"155":0,"156":0,"157":6,"158":6,"159":6,"160":6,"161":6,"162":6,"163":6,"164":6,"165":6,"166":6,"167":12,"168":12,"169":12,"170":47,"171":47,"172":47,"173":8,"174":12,"175":4,"176":4,"177":4,"178":16,"179":16,"180":16,"181":12,"182":4,"183":4,"184":1,"185":12,"186":5,"187":5,"188":5,"189":3,"190":7,"191":7,"192":7,"193":6,"194":6,"195":4,"196":2,"197":2,"198":2,"199":2,"200":2,"201":3,"202":3,"203":5,"204":3,"205":3,"206":3,"207":3,"208":5,"209":3,"210":46,"211":3,"212":43,"213":43,"214":0,"215":53,"216":1,"217":67,"218":3,"219":67,"220":4,"221":3,"222":3,"223":1,"224":9,"225":8,"226":8,"227":1,"228":3,"229":3},"f":{"0":44,"1":43,"2":0,"3":42,"4":0,"5":0,"6":43,"7":0,"8":0,"9":0,"10":0,"11":0,"12":0,"13":0,"14":0,"15":43,"16":21,"17":82,"18":60,"19":121,"20":1,"21":1,"22":42,"23":0,"24":1,"25":1,"26":0,"27":9,"28":5,"29":5,"30":5,"31":5,"32":6,"33":6,"34":12,"35":5,"36":3,"37":7,"38":6,"39":3,"40":3,"41":46,"42":53,"43":67,"44":4,"45":9,"46":3,"47":3},"b":{"0":[1,43],"1":[0,43],"2":[0,43],"3":[43,0],"4":[43,0],"5":[1,42],"6":[0,43],"7":[0,0],"8":[0,0],"9":[0,0],"10":[0,0],"11":[0,43],"12":[41,2],"13":[0,2],"14":[0,0],"15":[0,0],"16":[0,0],"17":[0,0],"18":[60,22],"19":[0,22],"20":[114,7],"21":[0,1],"22":[1,0],"23":[0,0],"24":[1,0],"25":[0,0,0,0],"26":[2,7],"27":[1,0],"28":[2,5],"29":[7,2,2],"30":[1,0],"31":[2,3],"32":[2,1],"33":[2,3],"34":[2,1],"35":[2,18],"36":[20,20],"37":[2,20],"38":[22,22],"39":[0,6],"40":[0,0],"41":[8,39],"42":[4,8],"43":[12,4],"44":[1,3],"45":[2,3],"46":[7,0],"47":[4,2],"48":[2,0],"49":[3,43],"50":[0,43],"51":[1,52],"52":[3,64],"53":[3,1],"54":[4,2,1],"55":[8,1]},"_coverageSchema":"43e27e138ebf9cfc5966b082cf9a028302ed4184","hash":"bb19349cd7865a476ff96a48d0d2af8e1f8143ee"}
}
