{"/home/matsu/projects/simplr-router/lib/simplr-router-styler.js": {"path":"/home/matsu/projects/simplr-router/lib/simplr-router-styler.js","statementMap":{"0":{"start":{"line":5,"column":8},"end":{"line":7,"column":9}},"1":{"start":{"line":6,"column":12},"end":{"line":6,"column":41}},"2":{"start":{"line":8,"column":22},"end":{"line":8,"column":49}},"3":{"start":{"line":9,"column":8},"end":{"line":9,"column":38}},"4":{"start":{"line":10,"column":8},"end":{"line":10,"column":50}},"5":{"start":{"line":11,"column":8},"end":{"line":11,"column":47}},"6":{"start":{"line":15,"column":8},"end":{"line":15,"column":39}},"7":{"start":{"line":19,"column":20},"end":{"line":19,"column":51}},"8":{"start":{"line":20,"column":8},"end":{"line":20,"column":41}},"9":{"start":{"line":21,"column":8},"end":{"line":21,"column":36}},"10":{"start":{"line":22,"column":8},"end":{"line":22,"column":27}},"11":{"start":{"line":26,"column":8},"end":{"line":39,"column":10}},"12":{"start":{"line":43,"column":22},"end":{"line":43,"column":24}},"13":{"start":{"line":44,"column":8},"end":{"line":60,"column":9}},"14":{"start":{"line":46,"column":16},"end":{"line":46,"column":57}},"15":{"start":{"line":47,"column":16},"end":{"line":47,"column":22}},"16":{"start":{"line":49,"column":16},"end":{"line":49,"column":58}},"17":{"start":{"line":50,"column":16},"end":{"line":50,"column":22}},"18":{"start":{"line":52,"column":16},"end":{"line":52,"column":58}},"19":{"start":{"line":53,"column":16},"end":{"line":53,"column":22}},"20":{"start":{"line":55,"column":16},"end":{"line":55,"column":59}},"21":{"start":{"line":56,"column":16},"end":{"line":56,"column":22}},"22":{"start":{"line":58,"column":16},"end":{"line":58,"column":57}},"23":{"start":{"line":59,"column":16},"end":{"line":59,"column":22}},"24":{"start":{"line":61,"column":8},"end":{"line":65,"column":10}},"25":{"start":{"line":69,"column":20},"end":{"line":69,"column":42}},"26":{"start":{"line":70,"column":8},"end":{"line":72,"column":10}}},"fnMap":{"0":{"name":"(anonymous_0)","decl":{"start":{"line":4,"column":4},"end":{"line":4,"column":5}},"loc":{"start":{"line":4,"column":24},"end":{"line":12,"column":5}},"line":4},"1":{"name":"(anonymous_1)","decl":{"start":{"line":14,"column":4},"end":{"line":14,"column":5}},"loc":{"start":{"line":14,"column":29},"end":{"line":16,"column":5}},"line":14},"2":{"name":"(anonymous_2)","decl":{"start":{"line":18,"column":4},"end":{"line":18,"column":5}},"loc":{"start":{"line":18,"column":27},"end":{"line":23,"column":5}},"line":18},"3":{"name":"(anonymous_3)","decl":{"start":{"line":25,"column":4},"end":{"line":25,"column":5}},"loc":{"start":{"line":25,"column":29},"end":{"line":40,"column":5}},"line":25},"4":{"name":"(anonymous_4)","decl":{"start":{"line":42,"column":4},"end":{"line":42,"column":5}},"loc":{"start":{"line":42,"column":41},"end":{"line":66,"column":5}},"line":42},"5":{"name":"(anonymous_5)","decl":{"start":{"line":68,"column":4},"end":{"line":68,"column":5}},"loc":{"start":{"line":68,"column":38},"end":{"line":73,"column":5}},"line":68}},"branchMap":{"0":{"loc":{"start":{"line":5,"column":8},"end":{"line":7,"column":9}},"type":"if","locations":[{"start":{"line":5,"column":8},"end":{"line":7,"column":9}},{"start":{"line":5,"column":8},"end":{"line":7,"column":9}}],"line":5},"1":{"loc":{"start":{"line":44,"column":8},"end":{"line":60,"column":9}},"type":"switch","locations":[{"start":{"line":45,"column":12},"end":{"line":47,"column":22}},{"start":{"line":48,"column":12},"end":{"line":50,"column":22}},{"start":{"line":51,"column":12},"end":{"line":53,"column":22}},{"start":{"line":54,"column":12},"end":{"line":56,"column":22}},{"start":{"line":57,"column":12},"end":{"line":59,"column":22}}],"line":44}},"s":{"0":1,"1":0,"2":1,"3":1,"4":1,"5":1,"6":1,"7":1,"8":1,"9":1,"10":1,"11":1,"12":1,"13":1,"14":1,"15":1,"16":0,"17":0,"18":0,"19":0,"20":0,"21":0,"22":0,"23":0,"24":1,"25":1,"26":1},"f":{"0":1,"1":1,"2":1,"3":1,"4":1,"5":1},"b":{"0":[0,1],"1":[1,0,0,0,0]},"_coverageSchema":"43e27e138ebf9cfc5966b082cf9a028302ed4184","hash":"d3aa20006b5811a2450d88d41a3e37c7c670e6d0"}
,"/home/matsu/projects/simplr-router/lib/simplr-router-transition-direction.js": {"path":"/home/matsu/projects/simplr-router/lib/simplr-router-transition-direction.js","statementMap":{"0":{"start":{"line":1,"column":35},"end":{"line":6,"column":1}}},"fnMap":{},"branchMap":{},"s":{"0":2},"f":{},"b":{},"_coverageSchema":"43e27e138ebf9cfc5966b082cf9a028302ed4184","hash":"7409ad23a5a1f5245dcc382181d0b27861d7aeb4"}
,"/home/matsu/projects/simplr-router/lib/simplr-router-transition-speed.js": {"path":"/home/matsu/projects/simplr-router/lib/simplr-router-transition-speed.js","statementMap":{"0":{"start":{"line":1,"column":31},"end":{"line":6,"column":1}}},"fnMap":{},"branchMap":{},"s":{"0":2},"f":{},"b":{},"_coverageSchema":"43e27e138ebf9cfc5966b082cf9a028302ed4184","hash":"1d61363e98857df6de733b4dedec842cf1cc7590"}
,"/home/matsu/projects/simplr-router/lib/simplr-router.js": {"path":"/home/matsu/projects/simplr-router/lib/simplr-router.js","statementMap":{"0":{"start":{"line":7,"column":8},"end":{"line":9,"column":9}},"1":{"start":{"line":8,"column":12},"end":{"line":8,"column":75}},"2":{"start":{"line":10,"column":8},"end":{"line":10,"column":43}},"3":{"start":{"line":11,"column":8},"end":{"line":13,"column":9}},"4":{"start":{"line":12,"column":12},"end":{"line":12,"column":58}},"5":{"start":{"line":15,"column":8},"end":{"line":15,"column":45}},"6":{"start":{"line":16,"column":8},"end":{"line":16,"column":37}},"7":{"start":{"line":17,"column":8},"end":{"line":21,"column":9}},"8":{"start":{"line":18,"column":12},"end":{"line":20,"column":14}},"9":{"start":{"line":22,"column":8},"end":{"line":28,"column":10}},"10":{"start":{"line":29,"column":8},"end":{"line":29,"column":51}},"11":{"start":{"line":30,"column":8},"end":{"line":33,"column":42}},"12":{"start":{"line":34,"column":8},"end":{"line":37,"column":46}},"13":{"start":{"line":38,"column":8},"end":{"line":39,"column":71}},"14":{"start":{"line":41,"column":8},"end":{"line":41,"column":53}},"15":{"start":{"line":42,"column":8},"end":{"line":42,"column":55}},"16":{"start":{"line":43,"column":8},"end":{"line":43,"column":47}},"17":{"start":{"line":45,"column":8},"end":{"line":45,"column":42}},"18":{"start":{"line":46,"column":8},"end":{"line":46,"column":39}},"19":{"start":{"line":48,"column":8},"end":{"line":50,"column":9}},"20":{"start":{"line":49,"column":12},"end":{"line":49,"column":47}},"21":{"start":{"line":54,"column":8},"end":{"line":54,"column":38}},"22":{"start":{"line":55,"column":8},"end":{"line":55,"column":38}},"23":{"start":{"line":56,"column":8},"end":{"line":56,"column":68}},"24":{"start":{"line":57,"column":8},"end":{"line":57,"column":37}},"25":{"start":{"line":59,"column":8},"end":{"line":59,"column":29}},"26":{"start":{"line":61,"column":8},"end":{"line":61,"column":33}},"27":{"start":{"line":62,"column":8},"end":{"line":62,"column":35}},"28":{"start":{"line":66,"column":8},"end":{"line":68,"column":9}},"29":{"start":{"line":67,"column":12},"end":{"line":67,"column":48}},"30":{"start":{"line":72,"column":25},"end":{"line":90,"column":10}},"31":{"start":{"line":73,"column":12},"end":{"line":89,"column":15}},"32":{"start":{"line":74,"column":16},"end":{"line":88,"column":17}},"33":{"start":{"line":75,"column":20},"end":{"line":86,"column":21}},"34":{"start":{"line":80,"column":24},"end":{"line":85,"column":27}},"35":{"start":{"line":83,"column":28},"end":{"line":83,"column":59}},"36":{"start":{"line":84,"column":28},"end":{"line":84,"column":62}},"37":{"start":{"line":87,"column":20},"end":{"line":87,"column":62}},"38":{"start":{"line":91,"column":8},"end":{"line":95,"column":11}},"39":{"start":{"line":99,"column":19},"end":{"line":99,"column":43}},"40":{"start":{"line":100,"column":28},"end":{"line":100,"column":59}},"41":{"start":{"line":101,"column":21},"end":{"line":101,"column":71}},"42":{"start":{"line":102,"column":8},"end":{"line":104,"column":9}},"43":{"start":{"line":103,"column":12},"end":{"line":103,"column":19}},"44":{"start":{"line":107,"column":8},"end":{"line":107,"column":49}},"45":{"start":{"line":108,"column":8},"end":{"line":108,"column":78}},"46":{"start":{"line":110,"column":8},"end":{"line":110,"column":63}},"47":{"start":{"line":111,"column":8},"end":{"line":111,"column":47}},"48":{"start":{"line":115,"column":22},"end":{"line":115,"column":40}},"49":{"start":{"line":116,"column":8},"end":{"line":116,"column":47}},"50":{"start":{"line":117,"column":8},"end":{"line":119,"column":11}},"51":{"start":{"line":118,"column":12},"end":{"line":118,"column":41}},"52":{"start":{"line":120,"column":8},"end":{"line":120,"column":59}},"53":{"start":{"line":124,"column":8},"end":{"line":126,"column":9}},"54":{"start":{"line":125,"column":12},"end":{"line":125,"column":67}},"55":{"start":{"line":125,"column":42},"end":{"line":125,"column":65}},"56":{"start":{"line":127,"column":8},"end":{"line":132,"column":11}},"57":{"start":{"line":128,"column":12},"end":{"line":131,"column":17}},"58":{"start":{"line":129,"column":16},"end":{"line":129,"column":50}},"59":{"start":{"line":129,"column":40},"end":{"line":129,"column":50}},"60":{"start":{"line":130,"column":16},"end":{"line":130,"column":51}},"61":{"start":{"line":136,"column":8},"end":{"line":156,"column":14}},"62":{"start":{"line":137,"column":30},"end":{"line":137,"column":70}},"63":{"start":{"line":138,"column":12},"end":{"line":155,"column":15}},"64":{"start":{"line":140,"column":16},"end":{"line":143,"column":17}},"65":{"start":{"line":141,"column":20},"end":{"line":141,"column":47}},"66":{"start":{"line":142,"column":20},"end":{"line":142,"column":27}},"67":{"start":{"line":146,"column":16},"end":{"line":148,"column":19}},"68":{"start":{"line":147,"column":20},"end":{"line":147,"column":49}},"69":{"start":{"line":152,"column":16},"end":{"line":154,"column":17}},"70":{"start":{"line":153,"column":20},"end":{"line":153,"column":65}},"71":{"start":{"line":160,"column":8},"end":{"line":162,"column":9}},"72":{"start":{"line":161,"column":12},"end":{"line":161,"column":19}},"73":{"start":{"line":163,"column":8},"end":{"line":166,"column":11}},"74":{"start":{"line":164,"column":12},"end":{"line":164,"column":31}},"75":{"start":{"line":165,"column":12},"end":{"line":165,"column":56}},"76":{"start":{"line":167,"column":8},"end":{"line":167,"column":52}},"77":{"start":{"line":168,"column":8},"end":{"line":168,"column":65}},"78":{"start":{"line":172,"column":8},"end":{"line":174,"column":9}},"79":{"start":{"line":173,"column":12},"end":{"line":173,"column":19}},"80":{"start":{"line":175,"column":28},"end":{"line":175,"column":58}},"81":{"start":{"line":176,"column":35},"end":{"line":176,"column":72}},"82":{"start":{"line":178,"column":8},"end":{"line":180,"column":9}},"83":{"start":{"line":179,"column":12},"end":{"line":179,"column":62}},"84":{"start":{"line":184,"column":8},"end":{"line":184,"column":41}},"85":{"start":{"line":185,"column":8},"end":{"line":192,"column":11}},"86":{"start":{"line":187,"column":12},"end":{"line":191,"column":13}},"87":{"start":{"line":188,"column":16},"end":{"line":188,"column":50}},"88":{"start":{"line":190,"column":16},"end":{"line":190,"column":41}},"89":{"start":{"line":196,"column":8},"end":{"line":204,"column":9}},"90":{"start":{"line":197,"column":32},"end":{"line":197,"column":52}},"91":{"start":{"line":198,"column":12},"end":{"line":198,"column":74}},"92":{"start":{"line":199,"column":12},"end":{"line":201,"column":44}},"93":{"start":{"line":200,"column":16},"end":{"line":200,"column":47}},"94":{"start":{"line":203,"column":12},"end":{"line":203,"column":34}},"95":{"start":{"line":208,"column":8},"end":{"line":214,"column":10}},"96":{"start":{"line":218,"column":22},"end":{"line":218,"column":78}},"97":{"start":{"line":220,"column":8},"end":{"line":223,"column":9}},"98":{"start":{"line":221,"column":12},"end":{"line":221,"column":58}},"99":{"start":{"line":222,"column":12},"end":{"line":222,"column":46}},"100":{"start":{"line":222,"column":33},"end":{"line":222,"column":46}},"101":{"start":{"line":224,"column":8},"end":{"line":231,"column":9}},"102":{"start":{"line":229,"column":12},"end":{"line":229,"column":59}},"103":{"start":{"line":230,"column":12},"end":{"line":230,"column":46}},"104":{"start":{"line":230,"column":33},"end":{"line":230,"column":46}},"105":{"start":{"line":232,"column":8},"end":{"line":232,"column":41}},"106":{"start":{"line":234,"column":22},"end":{"line":234,"column":51}},"107":{"start":{"line":235,"column":8},"end":{"line":235,"column":49}},"108":{"start":{"line":240,"column":8},"end":{"line":240,"column":20}},"109":{"start":{"line":244,"column":8},"end":{"line":254,"column":9}},"110":{"start":{"line":245,"column":12},"end":{"line":245,"column":39}},"111":{"start":{"line":246,"column":12},"end":{"line":246,"column":24}},"112":{"start":{"line":248,"column":12},"end":{"line":248,"column":47}},"113":{"start":{"line":249,"column":12},"end":{"line":253,"column":13}},"114":{"start":{"line":250,"column":16},"end":{"line":252,"column":18}},"115":{"start":{"line":255,"column":8},"end":{"line":255,"column":23}},"116":{"start":{"line":259,"column":8},"end":{"line":269,"column":9}},"117":{"start":{"line":260,"column":12},"end":{"line":260,"column":40}},"118":{"start":{"line":261,"column":12},"end":{"line":261,"column":24}},"119":{"start":{"line":263,"column":12},"end":{"line":263,"column":48}},"120":{"start":{"line":264,"column":12},"end":{"line":268,"column":13}},"121":{"start":{"line":265,"column":16},"end":{"line":267,"column":18}},"122":{"start":{"line":270,"column":8},"end":{"line":270,"column":23}},"123":{"start":{"line":274,"column":28},"end":{"line":274,"column":32}},"124":{"start":{"line":275,"column":8},"end":{"line":281,"column":9}},"125":{"start":{"line":275,"column":21},"end":{"line":275,"column":22}},"126":{"start":{"line":276,"column":24},"end":{"line":276,"column":38}},"127":{"start":{"line":277,"column":12},"end":{"line":280,"column":13}},"128":{"start":{"line":278,"column":16},"end":{"line":278,"column":38}},"129":{"start":{"line":279,"column":16},"end":{"line":279,"column":22}},"130":{"start":{"line":282,"column":8},"end":{"line":282,"column":29}},"131":{"start":{"line":286,"column":29},"end":{"line":286,"column":33}},"132":{"start":{"line":287,"column":8},"end":{"line":293,"column":9}},"133":{"start":{"line":287,"column":21},"end":{"line":287,"column":22}},"134":{"start":{"line":288,"column":24},"end":{"line":288,"column":38}},"135":{"start":{"line":289,"column":12},"end":{"line":292,"column":13}},"136":{"start":{"line":290,"column":16},"end":{"line":290,"column":39}},"137":{"start":{"line":291,"column":16},"end":{"line":291,"column":22}},"138":{"start":{"line":294,"column":8},"end":{"line":294,"column":30}},"139":{"start":{"line":298,"column":25},"end":{"line":298,"column":59}},"140":{"start":{"line":299,"column":8},"end":{"line":305,"column":9}},"141":{"start":{"line":300,"column":12},"end":{"line":304,"column":13}},"142":{"start":{"line":301,"column":16},"end":{"line":303,"column":17}},"143":{"start":{"line":302,"column":20},"end":{"line":302,"column":68}},"144":{"start":{"line":306,"column":26},"end":{"line":306,"column":55}},"145":{"start":{"line":307,"column":8},"end":{"line":307,"column":48}},"146":{"start":{"line":308,"column":8},"end":{"line":308,"column":64}},"147":{"start":{"line":309,"column":8},"end":{"line":309,"column":60}},"148":{"start":{"line":310,"column":8},"end":{"line":310,"column":44}},"149":{"start":{"line":312,"column":8},"end":{"line":312,"column":45}},"150":{"start":{"line":313,"column":8},"end":{"line":313,"column":43}},"151":{"start":{"line":315,"column":8},"end":{"line":315,"column":27}},"152":{"start":{"line":319,"column":8},"end":{"line":319,"column":60}},"153":{"start":{"line":320,"column":8},"end":{"line":323,"column":10}},"154":{"start":{"line":327,"column":27},"end":{"line":327,"column":31}},"155":{"start":{"line":329,"column":8},"end":{"line":335,"column":9}},"156":{"start":{"line":329,"column":21},"end":{"line":329,"column":22}},"157":{"start":{"line":330,"column":24},"end":{"line":330,"column":38}},"158":{"start":{"line":331,"column":12},"end":{"line":331,"column":62}},"159":{"start":{"line":332,"column":12},"end":{"line":334,"column":13}},"160":{"start":{"line":333,"column":16},"end":{"line":333,"column":37}},"161":{"start":{"line":336,"column":8},"end":{"line":354,"column":9}},"162":{"start":{"line":338,"column":33},"end":{"line":338,"column":65}},"163":{"start":{"line":339,"column":12},"end":{"line":353,"column":13}},"164":{"start":{"line":339,"column":25},"end":{"line":339,"column":26}},"165":{"start":{"line":340,"column":28},"end":{"line":340,"column":42}},"166":{"start":{"line":341,"column":16},"end":{"line":341,"column":66}},"167":{"start":{"line":342,"column":16},"end":{"line":344,"column":17}},"168":{"start":{"line":343,"column":20},"end":{"line":343,"column":29}},"169":{"start":{"line":345,"column":16},"end":{"line":349,"column":18}},"170":{"start":{"line":350,"column":16},"end":{"line":352,"column":17}},"171":{"start":{"line":351,"column":20},"end":{"line":351,"column":26}},"172":{"start":{"line":355,"column":8},"end":{"line":355,"column":28}},"173":{"start":{"line":359,"column":27},"end":{"line":359,"column":47}},"174":{"start":{"line":360,"column":21},"end":{"line":360,"column":66}},"175":{"start":{"line":361,"column":8},"end":{"line":361,"column":47}},"176":{"start":{"line":361,"column":31},"end":{"line":361,"column":45}},"177":{"start":{"line":365,"column":27},"end":{"line":365,"column":47}},"178":{"start":{"line":366,"column":21},"end":{"line":366,"column":66}},"179":{"start":{"line":367,"column":8},"end":{"line":367,"column":22}},"180":{"start":{"line":372,"column":30},"end":{"line":372,"column":70}},"181":{"start":{"line":373,"column":8},"end":{"line":375,"column":9}},"182":{"start":{"line":374,"column":12},"end":{"line":374,"column":24}},"183":{"start":{"line":377,"column":24},"end":{"line":381,"column":9}},"184":{"start":{"line":382,"column":8},"end":{"line":393,"column":9}},"185":{"start":{"line":383,"column":31},"end":{"line":386,"column":13}},"186":{"start":{"line":387,"column":12},"end":{"line":392,"column":14}},"187":{"start":{"line":395,"column":8},"end":{"line":395,"column":28}},"188":{"start":{"line":399,"column":8},"end":{"line":401,"column":9}},"189":{"start":{"line":399,"column":21},"end":{"line":399,"column":22}},"190":{"start":{"line":400,"column":12},"end":{"line":400,"column":63}},"191":{"start":{"line":402,"column":8},"end":{"line":402,"column":20}},"192":{"start":{"line":406,"column":21},"end":{"line":406,"column":23}},"193":{"start":{"line":407,"column":8},"end":{"line":409,"column":9}},"194":{"start":{"line":407,"column":21},"end":{"line":407,"column":22}},"195":{"start":{"line":408,"column":12},"end":{"line":408,"column":64}},"196":{"start":{"line":410,"column":8},"end":{"line":410,"column":22}},"197":{"start":{"line":414,"column":8},"end":{"line":419,"column":9}},"198":{"start":{"line":415,"column":12},"end":{"line":418,"column":14}},"199":{"start":{"line":420,"column":8},"end":{"line":420,"column":29}},"200":{"start":{"line":421,"column":8},"end":{"line":423,"column":9}},"201":{"start":{"line":422,"column":12},"end":{"line":422,"column":63}},"202":{"start":{"line":427,"column":8},"end":{"line":429,"column":9}},"203":{"start":{"line":428,"column":12},"end":{"line":428,"column":47}},"204":{"start":{"line":433,"column":8},"end":{"line":435,"column":9}},"205":{"start":{"line":434,"column":12},"end":{"line":434,"column":30}},"206":{"start":{"line":436,"column":8},"end":{"line":436,"column":20}},"207":{"start":{"line":440,"column":8},"end":{"line":450,"column":9}},"208":{"start":{"line":444,"column":12},"end":{"line":444,"column":48}},"209":{"start":{"line":445,"column":12},"end":{"line":445,"column":40}},"210":{"start":{"line":447,"column":12},"end":{"line":449,"column":14}},"211":{"start":{"line":454,"column":8},"end":{"line":461,"column":9}},"212":{"start":{"line":455,"column":12},"end":{"line":455,"column":60}},"213":{"start":{"line":456,"column":12},"end":{"line":456,"column":40}},"214":{"start":{"line":458,"column":12},"end":{"line":460,"column":14}},"215":{"start":{"line":465,"column":8},"end":{"line":465,"column":45}},"216":{"start":{"line":469,"column":8},"end":{"line":469,"column":44}}},"fnMap":{"0":{"name":"(anonymous_0)","decl":{"start":{"line":6,"column":4},"end":{"line":6,"column":5}},"loc":{"start":{"line":6,"column":25},"end":{"line":51,"column":5}},"line":6},"1":{"name":"(anonymous_1)","decl":{"start":{"line":53,"column":4},"end":{"line":53,"column":5}},"loc":{"start":{"line":53,"column":11},"end":{"line":63,"column":5}},"line":53},"2":{"name":"(anonymous_2)","decl":{"start":{"line":65,"column":4},"end":{"line":65,"column":5}},"loc":{"start":{"line":65,"column":32},"end":{"line":69,"column":5}},"line":65},"3":{"name":"(anonymous_3)","decl":{"start":{"line":71,"column":4},"end":{"line":71,"column":5}},"loc":{"start":{"line":71,"column":29},"end":{"line":96,"column":5}},"line":71},"4":{"name":"(anonymous_4)","decl":{"start":{"line":72,"column":46},"end":{"line":72,"column":47}},"loc":{"start":{"line":72,"column":63},"end":{"line":90,"column":9}},"line":72},"5":{"name":"(anonymous_5)","decl":{"start":{"line":73,"column":30},"end":{"line":73,"column":31}},"loc":{"start":{"line":73,"column":39},"end":{"line":89,"column":13}},"line":73},"6":{"name":"(anonymous_6)","decl":{"start":{"line":82,"column":31},"end":{"line":82,"column":32}},"loc":{"start":{"line":82,"column":37},"end":{"line":85,"column":25}},"line":82},"7":{"name":"(anonymous_7)","decl":{"start":{"line":98,"column":4},"end":{"line":98,"column":5}},"loc":{"start":{"line":98,"column":24},"end":{"line":112,"column":5}},"line":98},"8":{"name":"(anonymous_8)","decl":{"start":{"line":114,"column":4},"end":{"line":114,"column":5}},"loc":{"start":{"line":114,"column":51},"end":{"line":121,"column":5}},"line":114},"9":{"name":"(anonymous_9)","decl":{"start":{"line":117,"column":49},"end":{"line":117,"column":50}},"loc":{"start":{"line":117,"column":55},"end":{"line":119,"column":9}},"line":117},"10":{"name":"(anonymous_10)","decl":{"start":{"line":123,"column":4},"end":{"line":123,"column":5}},"loc":{"start":{"line":123,"column":38},"end":{"line":133,"column":5}},"line":123},"11":{"name":"(anonymous_11)","decl":{"start":{"line":125,"column":31},"end":{"line":125,"column":32}},"loc":{"start":{"line":125,"column":42},"end":{"line":125,"column":65}},"line":125},"12":{"name":"(anonymous_12)","decl":{"start":{"line":127,"column":27},"end":{"line":127,"column":28}},"loc":{"start":{"line":127,"column":38},"end":{"line":132,"column":9}},"line":127},"13":{"name":"_waitForLoadingOff","decl":{"start":{"line":128,"column":22},"end":{"line":128,"column":40}},"loc":{"start":{"line":128,"column":43},"end":{"line":131,"column":13}},"line":128},"14":{"name":"(anonymous_14)","decl":{"start":{"line":135,"column":4},"end":{"line":135,"column":5}},"loc":{"start":{"line":135,"column":35},"end":{"line":157,"column":5}},"line":135},"15":{"name":"(anonymous_15)","decl":{"start":{"line":136,"column":19},"end":{"line":136,"column":20}},"loc":{"start":{"line":136,"column":25},"end":{"line":156,"column":9}},"line":136},"16":{"name":"(anonymous_16)","decl":{"start":{"line":138,"column":28},"end":{"line":138,"column":29}},"loc":{"start":{"line":138,"column":36},"end":{"line":155,"column":13}},"line":138},"17":{"name":"(anonymous_17)","decl":{"start":{"line":146,"column":51},"end":{"line":146,"column":52}},"loc":{"start":{"line":146,"column":61},"end":{"line":148,"column":17}},"line":146},"18":{"name":"(anonymous_18)","decl":{"start":{"line":159,"column":4},"end":{"line":159,"column":5}},"loc":{"start":{"line":159,"column":28},"end":{"line":169,"column":5}},"line":159},"19":{"name":"(anonymous_19)","decl":{"start":{"line":163,"column":41},"end":{"line":163,"column":42}},"loc":{"start":{"line":163,"column":46},"end":{"line":166,"column":9}},"line":163},"20":{"name":"(anonymous_20)","decl":{"start":{"line":171,"column":4},"end":{"line":171,"column":5}},"loc":{"start":{"line":171,"column":20},"end":{"line":181,"column":5}},"line":171},"21":{"name":"(anonymous_21)","decl":{"start":{"line":183,"column":4},"end":{"line":183,"column":5}},"loc":{"start":{"line":183,"column":28},"end":{"line":193,"column":5}},"line":183},"22":{"name":"(anonymous_22)","decl":{"start":{"line":185,"column":44},"end":{"line":185,"column":45}},"loc":{"start":{"line":185,"column":50},"end":{"line":192,"column":9}},"line":185},"23":{"name":"(anonymous_23)","decl":{"start":{"line":195,"column":4},"end":{"line":195,"column":5}},"loc":{"start":{"line":195,"column":33},"end":{"line":205,"column":5}},"line":195},"24":{"name":"(anonymous_24)","decl":{"start":{"line":199,"column":23},"end":{"line":199,"column":24}},"loc":{"start":{"line":199,"column":29},"end":{"line":201,"column":13}},"line":199},"25":{"name":"(anonymous_25)","decl":{"start":{"line":207,"column":4},"end":{"line":207,"column":5}},"loc":{"start":{"line":207,"column":35},"end":{"line":215,"column":5}},"line":207},"26":{"name":"(anonymous_26)","decl":{"start":{"line":217,"column":4},"end":{"line":217,"column":5}},"loc":{"start":{"line":217,"column":42},"end":{"line":241,"column":5}},"line":217},"27":{"name":"(anonymous_27)","decl":{"start":{"line":243,"column":4},"end":{"line":243,"column":5}},"loc":{"start":{"line":243,"column":35},"end":{"line":256,"column":5}},"line":243},"28":{"name":"(anonymous_28)","decl":{"start":{"line":258,"column":4},"end":{"line":258,"column":5}},"loc":{"start":{"line":258,"column":36},"end":{"line":271,"column":5}},"line":258},"29":{"name":"(anonymous_29)","decl":{"start":{"line":273,"column":4},"end":{"line":273,"column":5}},"loc":{"start":{"line":273,"column":24},"end":{"line":283,"column":5}},"line":273},"30":{"name":"(anonymous_30)","decl":{"start":{"line":285,"column":4},"end":{"line":285,"column":5}},"loc":{"start":{"line":285,"column":25},"end":{"line":295,"column":5}},"line":285},"31":{"name":"(anonymous_31)","decl":{"start":{"line":297,"column":4},"end":{"line":297,"column":5}},"loc":{"start":{"line":297,"column":27},"end":{"line":316,"column":5}},"line":297},"32":{"name":"(anonymous_32)","decl":{"start":{"line":318,"column":4},"end":{"line":318,"column":5}},"loc":{"start":{"line":318,"column":38},"end":{"line":324,"column":5}},"line":318},"33":{"name":"(anonymous_33)","decl":{"start":{"line":326,"column":4},"end":{"line":326,"column":5}},"loc":{"start":{"line":326,"column":28},"end":{"line":356,"column":5}},"line":326},"34":{"name":"(anonymous_34)","decl":{"start":{"line":358,"column":4},"end":{"line":358,"column":5}},"loc":{"start":{"line":358,"column":32},"end":{"line":362,"column":5}},"line":358},"35":{"name":"(anonymous_35)","decl":{"start":{"line":361,"column":26},"end":{"line":361,"column":27}},"loc":{"start":{"line":361,"column":31},"end":{"line":361,"column":45}},"line":361},"36":{"name":"(anonymous_36)","decl":{"start":{"line":364,"column":4},"end":{"line":364,"column":5}},"loc":{"start":{"line":364,"column":35},"end":{"line":368,"column":5}},"line":364},"37":{"name":"(anonymous_37)","decl":{"start":{"line":370,"column":4},"end":{"line":370,"column":5}},"loc":{"start":{"line":370,"column":50},"end":{"line":396,"column":5}},"line":370},"38":{"name":"(anonymous_38)","decl":{"start":{"line":398,"column":4},"end":{"line":398,"column":5}},"loc":{"start":{"line":398,"column":69},"end":{"line":403,"column":5}},"line":398},"39":{"name":"(anonymous_39)","decl":{"start":{"line":405,"column":4},"end":{"line":405,"column":5}},"loc":{"start":{"line":405,"column":44},"end":{"line":411,"column":5}},"line":405},"40":{"name":"(anonymous_40)","decl":{"start":{"line":413,"column":4},"end":{"line":413,"column":5}},"loc":{"start":{"line":413,"column":24},"end":{"line":424,"column":5}},"line":413},"41":{"name":"(anonymous_41)","decl":{"start":{"line":426,"column":4},"end":{"line":426,"column":5}},"loc":{"start":{"line":426,"column":20},"end":{"line":430,"column":5}},"line":426},"42":{"name":"(anonymous_42)","decl":{"start":{"line":432,"column":4},"end":{"line":432,"column":5}},"loc":{"start":{"line":432,"column":30},"end":{"line":437,"column":5}},"line":432},"43":{"name":"(anonymous_43)","decl":{"start":{"line":439,"column":4},"end":{"line":439,"column":5}},"loc":{"start":{"line":439,"column":37},"end":{"line":451,"column":5}},"line":439},"44":{"name":"(anonymous_44)","decl":{"start":{"line":453,"column":4},"end":{"line":453,"column":5}},"loc":{"start":{"line":453,"column":49},"end":{"line":462,"column":5}},"line":453},"45":{"name":"(anonymous_45)","decl":{"start":{"line":464,"column":4},"end":{"line":464,"column":5}},"loc":{"start":{"line":464,"column":38},"end":{"line":466,"column":5}},"line":464},"46":{"name":"(anonymous_46)","decl":{"start":{"line":468,"column":4},"end":{"line":468,"column":5}},"loc":{"start":{"line":468,"column":37},"end":{"line":470,"column":5}},"line":468}},"branchMap":{"0":{"loc":{"start":{"line":7,"column":8},"end":{"line":9,"column":9}},"type":"if","locations":[{"start":{"line":7,"column":8},"end":{"line":9,"column":9}},{"start":{"line":7,"column":8},"end":{"line":9,"column":9}}],"line":7},"1":{"loc":{"start":{"line":11,"column":8},"end":{"line":13,"column":9}},"type":"if","locations":[{"start":{"line":11,"column":8},"end":{"line":13,"column":9}},{"start":{"line":11,"column":8},"end":{"line":13,"column":9}}],"line":11},"2":{"loc":{"start":{"line":17,"column":8},"end":{"line":21,"column":9}},"type":"if","locations":[{"start":{"line":17,"column":8},"end":{"line":21,"column":9}},{"start":{"line":17,"column":8},"end":{"line":21,"column":9}}],"line":17},"3":{"loc":{"start":{"line":31,"column":12},"end":{"line":33,"column":41}},"type":"cond-expr","locations":[{"start":{"line":32,"column":18},"end":{"line":32,"column":38}},{"start":{"line":33,"column":18},"end":{"line":33,"column":41}}],"line":31},"4":{"loc":{"start":{"line":35,"column":12},"end":{"line":37,"column":45}},"type":"cond-expr","locations":[{"start":{"line":36,"column":18},"end":{"line":36,"column":43}},{"start":{"line":37,"column":18},"end":{"line":37,"column":45}}],"line":35},"5":{"loc":{"start":{"line":39,"column":12},"end":{"line":39,"column":70}},"type":"cond-expr","locations":[{"start":{"line":39,"column":46},"end":{"line":39,"column":50}},{"start":{"line":39,"column":53},"end":{"line":39,"column":70}}],"line":39},"6":{"loc":{"start":{"line":48,"column":8},"end":{"line":50,"column":9}},"type":"if","locations":[{"start":{"line":48,"column":8},"end":{"line":50,"column":9}},{"start":{"line":48,"column":8},"end":{"line":50,"column":9}}],"line":48},"7":{"loc":{"start":{"line":66,"column":8},"end":{"line":68,"column":9}},"type":"if","locations":[{"start":{"line":66,"column":8},"end":{"line":68,"column":9}},{"start":{"line":66,"column":8},"end":{"line":68,"column":9}}],"line":66},"8":{"loc":{"start":{"line":74,"column":16},"end":{"line":88,"column":17}},"type":"if","locations":[{"start":{"line":74,"column":16},"end":{"line":88,"column":17}},{"start":{"line":74,"column":16},"end":{"line":88,"column":17}}],"line":74},"9":{"loc":{"start":{"line":74,"column":20},"end":{"line":74,"column":75}},"type":"binary-expr","locations":[{"start":{"line":74,"column":20},"end":{"line":74,"column":40}},{"start":{"line":74,"column":44},"end":{"line":74,"column":75}}],"line":74},"10":{"loc":{"start":{"line":75,"column":20},"end":{"line":86,"column":21}},"type":"if","locations":[{"start":{"line":75,"column":20},"end":{"line":86,"column":21}},{"start":{"line":75,"column":20},"end":{"line":86,"column":21}}],"line":75},"11":{"loc":{"start":{"line":101,"column":21},"end":{"line":101,"column":71}},"type":"cond-expr","locations":[{"start":{"line":101,"column":48},"end":{"line":101,"column":64}},{"start":{"line":101,"column":67},"end":{"line":101,"column":71}}],"line":101},"12":{"loc":{"start":{"line":102,"column":8},"end":{"line":104,"column":9}},"type":"if","locations":[{"start":{"line":102,"column":8},"end":{"line":104,"column":9}},{"start":{"line":102,"column":8},"end":{"line":104,"column":9}}],"line":102},"13":{"loc":{"start":{"line":108,"column":49},"end":{"line":108,"column":75}},"type":"cond-expr","locations":[{"start":{"line":108,"column":58},"end":{"line":108,"column":70}},{"start":{"line":108,"column":73},"end":{"line":108,"column":75}}],"line":108},"14":{"loc":{"start":{"line":124,"column":8},"end":{"line":126,"column":9}},"type":"if","locations":[{"start":{"line":124,"column":8},"end":{"line":126,"column":9}},{"start":{"line":124,"column":8},"end":{"line":126,"column":9}}],"line":124},"15":{"loc":{"start":{"line":124,"column":12},"end":{"line":124,"column":64}},"type":"binary-expr","locations":[{"start":{"line":124,"column":12},"end":{"line":124,"column":29}},{"start":{"line":124,"column":33},"end":{"line":124,"column":64}}],"line":124},"16":{"loc":{"start":{"line":129,"column":16},"end":{"line":129,"column":50}},"type":"if","locations":[{"start":{"line":129,"column":16},"end":{"line":129,"column":50}},{"start":{"line":129,"column":16},"end":{"line":129,"column":50}}],"line":129},"17":{"loc":{"start":{"line":140,"column":16},"end":{"line":143,"column":17}},"type":"if","locations":[{"start":{"line":140,"column":16},"end":{"line":143,"column":17}},{"start":{"line":140,"column":16},"end":{"line":143,"column":17}}],"line":140},"18":{"loc":{"start":{"line":152,"column":16},"end":{"line":154,"column":17}},"type":"if","locations":[{"start":{"line":152,"column":16},"end":{"line":154,"column":17}},{"start":{"line":152,"column":16},"end":{"line":154,"column":17}}],"line":152},"19":{"loc":{"start":{"line":160,"column":8},"end":{"line":162,"column":9}},"type":"if","locations":[{"start":{"line":160,"column":8},"end":{"line":162,"column":9}},{"start":{"line":160,"column":8},"end":{"line":162,"column":9}}],"line":160},"20":{"loc":{"start":{"line":172,"column":8},"end":{"line":174,"column":9}},"type":"if","locations":[{"start":{"line":172,"column":8},"end":{"line":174,"column":9}},{"start":{"line":172,"column":8},"end":{"line":174,"column":9}}],"line":172},"21":{"loc":{"start":{"line":178,"column":8},"end":{"line":180,"column":9}},"type":"if","locations":[{"start":{"line":178,"column":8},"end":{"line":180,"column":9}},{"start":{"line":178,"column":8},"end":{"line":180,"column":9}}],"line":178},"22":{"loc":{"start":{"line":187,"column":12},"end":{"line":191,"column":13}},"type":"if","locations":[{"start":{"line":187,"column":12},"end":{"line":191,"column":13}},{"start":{"line":187,"column":12},"end":{"line":191,"column":13}}],"line":187},"23":{"loc":{"start":{"line":196,"column":8},"end":{"line":204,"column":9}},"type":"if","locations":[{"start":{"line":196,"column":8},"end":{"line":204,"column":9}},{"start":{"line":196,"column":8},"end":{"line":204,"column":9}}],"line":196},"24":{"loc":{"start":{"line":209,"column":12},"end":{"line":213,"column":68}},"type":"binary-expr","locations":[{"start":{"line":209,"column":13},"end":{"line":209,"column":38}},{"start":{"line":210,"column":16},"end":{"line":211,"column":66}},{"start":{"line":212,"column":13},"end":{"line":212,"column":40}},{"start":{"line":213,"column":16},"end":{"line":213,"column":67}}],"line":209},"25":{"loc":{"start":{"line":220,"column":8},"end":{"line":223,"column":9}},"type":"if","locations":[{"start":{"line":220,"column":8},"end":{"line":223,"column":9}},{"start":{"line":220,"column":8},"end":{"line":223,"column":9}}],"line":220},"26":{"loc":{"start":{"line":222,"column":12},"end":{"line":222,"column":46}},"type":"if","locations":[{"start":{"line":222,"column":12},"end":{"line":222,"column":46}},{"start":{"line":222,"column":12},"end":{"line":222,"column":46}}],"line":222},"27":{"loc":{"start":{"line":224,"column":8},"end":{"line":231,"column":9}},"type":"if","locations":[{"start":{"line":224,"column":8},"end":{"line":231,"column":9}},{"start":{"line":224,"column":8},"end":{"line":231,"column":9}}],"line":224},"28":{"loc":{"start":{"line":225,"column":12},"end":{"line":227,"column":33}},"type":"binary-expr","locations":[{"start":{"line":225,"column":12},"end":{"line":225,"column":25}},{"start":{"line":226,"column":12},"end":{"line":226,"column":47}},{"start":{"line":227,"column":12},"end":{"line":227,"column":33}}],"line":225},"29":{"loc":{"start":{"line":230,"column":12},"end":{"line":230,"column":46}},"type":"if","locations":[{"start":{"line":230,"column":12},"end":{"line":230,"column":46}},{"start":{"line":230,"column":12},"end":{"line":230,"column":46}}],"line":230},"30":{"loc":{"start":{"line":244,"column":8},"end":{"line":254,"column":9}},"type":"if","locations":[{"start":{"line":244,"column":8},"end":{"line":254,"column":9}},{"start":{"line":244,"column":8},"end":{"line":254,"column":9}}],"line":244},"31":{"loc":{"start":{"line":249,"column":12},"end":{"line":253,"column":13}},"type":"if","locations":[{"start":{"line":249,"column":12},"end":{"line":253,"column":13}},{"start":{"line":249,"column":12},"end":{"line":253,"column":13}}],"line":249},"32":{"loc":{"start":{"line":259,"column":8},"end":{"line":269,"column":9}},"type":"if","locations":[{"start":{"line":259,"column":8},"end":{"line":269,"column":9}},{"start":{"line":259,"column":8},"end":{"line":269,"column":9}}],"line":259},"33":{"loc":{"start":{"line":264,"column":12},"end":{"line":268,"column":13}},"type":"if","locations":[{"start":{"line":264,"column":12},"end":{"line":268,"column":13}},{"start":{"line":264,"column":12},"end":{"line":268,"column":13}}],"line":264},"34":{"loc":{"start":{"line":277,"column":12},"end":{"line":280,"column":13}},"type":"if","locations":[{"start":{"line":277,"column":12},"end":{"line":280,"column":13}},{"start":{"line":277,"column":12},"end":{"line":280,"column":13}}],"line":277},"35":{"loc":{"start":{"line":277,"column":16},"end":{"line":277,"column":73}},"type":"binary-expr","locations":[{"start":{"line":277,"column":16},"end":{"line":277,"column":42}},{"start":{"line":277,"column":46},"end":{"line":277,"column":73}}],"line":277},"36":{"loc":{"start":{"line":289,"column":12},"end":{"line":292,"column":13}},"type":"if","locations":[{"start":{"line":289,"column":12},"end":{"line":292,"column":13}},{"start":{"line":289,"column":12},"end":{"line":292,"column":13}}],"line":289},"37":{"loc":{"start":{"line":289,"column":16},"end":{"line":289,"column":73}},"type":"binary-expr","locations":[{"start":{"line":289,"column":16},"end":{"line":289,"column":42}},{"start":{"line":289,"column":46},"end":{"line":289,"column":73}}],"line":289},"38":{"loc":{"start":{"line":299,"column":8},"end":{"line":305,"column":9}},"type":"if","locations":[{"start":{"line":299,"column":8},"end":{"line":305,"column":9}},{"start":{"line":299,"column":8},"end":{"line":305,"column":9}}],"line":299},"39":{"loc":{"start":{"line":301,"column":16},"end":{"line":303,"column":17}},"type":"if","locations":[{"start":{"line":301,"column":16},"end":{"line":303,"column":17}},{"start":{"line":301,"column":16},"end":{"line":303,"column":17}}],"line":301},"40":{"loc":{"start":{"line":332,"column":12},"end":{"line":334,"column":13}},"type":"if","locations":[{"start":{"line":332,"column":12},"end":{"line":334,"column":13}},{"start":{"line":332,"column":12},"end":{"line":334,"column":13}}],"line":332},"41":{"loc":{"start":{"line":336,"column":8},"end":{"line":354,"column":9}},"type":"if","locations":[{"start":{"line":336,"column":8},"end":{"line":354,"column":9}},{"start":{"line":336,"column":8},"end":{"line":354,"column":9}}],"line":336},"42":{"loc":{"start":{"line":342,"column":16},"end":{"line":344,"column":17}},"type":"if","locations":[{"start":{"line":342,"column":16},"end":{"line":344,"column":17}},{"start":{"line":342,"column":16},"end":{"line":344,"column":17}}],"line":342},"43":{"loc":{"start":{"line":350,"column":16},"end":{"line":352,"column":17}},"type":"if","locations":[{"start":{"line":350,"column":16},"end":{"line":352,"column":17}},{"start":{"line":350,"column":16},"end":{"line":352,"column":17}}],"line":350},"44":{"loc":{"start":{"line":360,"column":21},"end":{"line":360,"column":66}},"type":"cond-expr","locations":[{"start":{"line":360,"column":44},"end":{"line":360,"column":61}},{"start":{"line":360,"column":64},"end":{"line":360,"column":66}}],"line":360},"45":{"loc":{"start":{"line":366,"column":21},"end":{"line":366,"column":66}},"type":"cond-expr","locations":[{"start":{"line":366,"column":44},"end":{"line":366,"column":61}},{"start":{"line":366,"column":64},"end":{"line":366,"column":66}}],"line":366},"46":{"loc":{"start":{"line":373,"column":8},"end":{"line":375,"column":9}},"type":"if","locations":[{"start":{"line":373,"column":8},"end":{"line":375,"column":9}},{"start":{"line":373,"column":8},"end":{"line":375,"column":9}}],"line":373},"47":{"loc":{"start":{"line":382,"column":8},"end":{"line":393,"column":9}},"type":"if","locations":[{"start":{"line":382,"column":8},"end":{"line":393,"column":9}},{"start":{"line":382,"column":8},"end":{"line":393,"column":9}}],"line":382},"48":{"loc":{"start":{"line":414,"column":8},"end":{"line":419,"column":9}},"type":"if","locations":[{"start":{"line":414,"column":8},"end":{"line":419,"column":9}},{"start":{"line":414,"column":8},"end":{"line":419,"column":9}}],"line":414},"49":{"loc":{"start":{"line":421,"column":8},"end":{"line":423,"column":9}},"type":"if","locations":[{"start":{"line":421,"column":8},"end":{"line":423,"column":9}},{"start":{"line":421,"column":8},"end":{"line":423,"column":9}}],"line":421},"50":{"loc":{"start":{"line":427,"column":8},"end":{"line":429,"column":9}},"type":"if","locations":[{"start":{"line":427,"column":8},"end":{"line":429,"column":9}},{"start":{"line":427,"column":8},"end":{"line":429,"column":9}}],"line":427},"51":{"loc":{"start":{"line":433,"column":8},"end":{"line":435,"column":9}},"type":"if","locations":[{"start":{"line":433,"column":8},"end":{"line":435,"column":9}},{"start":{"line":433,"column":8},"end":{"line":435,"column":9}}],"line":433},"52":{"loc":{"start":{"line":440,"column":8},"end":{"line":450,"column":9}},"type":"if","locations":[{"start":{"line":440,"column":8},"end":{"line":450,"column":9}},{"start":{"line":440,"column":8},"end":{"line":450,"column":9}}],"line":440},"53":{"loc":{"start":{"line":441,"column":12},"end":{"line":442,"column":71}},"type":"binary-expr","locations":[{"start":{"line":441,"column":12},"end":{"line":441,"column":36}},{"start":{"line":442,"column":13},"end":{"line":442,"column":34}},{"start":{"line":442,"column":38},"end":{"line":442,"column":70}}],"line":441},"54":{"loc":{"start":{"line":454,"column":8},"end":{"line":461,"column":9}},"type":"if","locations":[{"start":{"line":454,"column":8},"end":{"line":461,"column":9}},{"start":{"line":454,"column":8},"end":{"line":461,"column":9}}],"line":454}},"s":{"0":44,"1":1,"2":43,"3":43,"4":0,"5":43,"6":43,"7":43,"8":0,"9":43,"10":43,"11":43,"12":43,"13":43,"14":43,"15":43,"16":43,"17":43,"18":43,"19":43,"20":0,"21":43,"22":42,"23":42,"24":42,"25":42,"26":42,"27":42,"28":0,"29":0,"30":42,"31":0,"32":0,"33":0,"34":0,"35":0,"36":0,"37":0,"38":42,"39":43,"40":43,"41":43,"42":43,"43":41,"44":2,"45":2,"46":2,"47":2,"48":0,"49":0,"50":0,"51":0,"52":0,"53":0,"54":0,"55":0,"56":0,"57":0,"58":0,"59":0,"60":0,"61":43,"62":21,"63":21,"64":82,"65":60,"66":60,"67":22,"68":60,"69":22,"70":0,"71":121,"72":114,"73":7,"74":1,"75":1,"76":7,"77":7,"78":1,"79":0,"80":1,"81":1,"82":1,"83":1,"84":42,"85":42,"86":0,"87":0,"88":0,"89":1,"90":1,"91":1,"92":1,"93":1,"94":0,"95":0,"96":9,"97":9,"98":2,"99":1,"100":1,"101":7,"102":2,"103":1,"104":1,"105":5,"106":5,"107":5,"108":5,"109":5,"110":2,"111":2,"112":3,"113":3,"114":2,"115":1,"116":5,"117":2,"118":2,"119":3,"120":3,"121":2,"122":1,"123":5,"124":5,"125":5,"126":20,"127":20,"128":2,"129":2,"130":5,"131":5,"132":5,"133":5,"134":22,"135":22,"136":2,"137":2,"138":5,"139":6,"140":6,"141":0,"142":0,"143":0,"144":6,"145":6,"146":6,"147":6,"148":6,"149":6,"150":6,"151":6,"152":6,"153":6,"154":12,"155":12,"156":12,"157":47,"158":47,"159":47,"160":8,"161":12,"162":4,"163":4,"164":4,"165":16,"166":16,"167":16,"168":12,"169":4,"170":4,"171":1,"172":12,"173":5,"174":5,"175":5,"176":3,"177":7,"178":7,"179":7,"180":6,"181":6,"182":4,"183":2,"184":2,"185":2,"186":2,"187":2,"188":3,"189":3,"190":5,"191":3,"192":3,"193":3,"194":3,"195":5,"196":3,"197":46,"198":3,"199":43,"200":43,"201":0,"202":53,"203":1,"204":67,"205":3,"206":67,"207":4,"208":3,"209":3,"210":1,"211":9,"212":8,"213":8,"214":1,"215":3,"216":3},"f":{"0":44,"1":43,"2":0,"3":42,"4":0,"5":0,"6":0,"7":43,"8":0,"9":0,"10":0,"11":0,"12":0,"13":0,"14":43,"15":21,"16":82,"17":60,"18":121,"19":1,"20":1,"21":42,"22":0,"23":1,"24":1,"25":0,"26":9,"27":5,"28":5,"29":5,"30":5,"31":6,"32":6,"33":12,"34":5,"35":3,"36":7,"37":6,"38":3,"39":3,"40":46,"41":53,"42":67,"43":4,"44":9,"45":3,"46":3},"b":{"0":[1,43],"1":[0,43],"2":[0,43],"3":[43,0],"4":[43,0],"5":[1,42],"6":[0,43],"7":[0,0],"8":[0,0],"9":[0,0],"10":[0,0],"11":[0,43],"12":[41,2],"13":[0,2],"14":[0,0],"15":[0,0],"16":[0,0],"17":[60,22],"18":[0,22],"19":[114,7],"20":[0,1],"21":[1,0],"22":[0,0],"23":[1,0],"24":[0,0,0,0],"25":[2,7],"26":[1,0],"27":[2,5],"28":[7,2,2],"29":[1,0],"30":[2,3],"31":[2,1],"32":[2,3],"33":[2,1],"34":[2,18],"35":[20,20],"36":[2,20],"37":[22,22],"38":[0,6],"39":[0,0],"40":[8,39],"41":[4,8],"42":[12,4],"43":[1,3],"44":[2,3],"45":[7,0],"46":[4,2],"47":[2,0],"48":[3,43],"49":[0,43],"50":[1,52],"51":[3,64],"52":[3,1],"53":[4,2,1],"54":[8,1]},"_coverageSchema":"43e27e138ebf9cfc5966b082cf9a028302ed4184","hash":"55036e011133d6784ce3c4d3f441bd49c38051fd"}
}
