TN:
SF:/home/matsu/projects/simplr-router/lib/simplr-router-styler.js
FN:5,(anonymous_0)
FN:15,(anonymous_1)
FN:19,(anonymous_2)
FN:26,(anonymous_3)
FN:38,(anonymous_4)
FN:59,(anonymous_5)
FNF:6
FNH:0
FNDA:0,(anonymous_0)
FNDA:0,(anonymous_1)
FNDA:0,(anonymous_2)
FNDA:0,(anonymous_3)
FNDA:0,(anonymous_4)
FNDA:0,(anonymous_5)
DA:6,0
DA:7,0
DA:9,0
DA:10,0
DA:11,0
DA:12,0
DA:16,0
DA:20,0
DA:21,0
DA:22,0
DA:23,0
DA:27,0
DA:39,0
DA:40,0
DA:42,0
DA:43,0
DA:45,0
DA:46,0
DA:48,0
DA:49,0
DA:51,0
DA:52,0
DA:54,0
DA:60,0
DA:61,0
LF:25
LH:0
BRDA:6,0,0,0
BRDA:6,0,1,0
BRDA:40,1,0,0
BRDA:40,1,1,0
BRDA:40,1,2,0
BRDA:40,1,3,0
BRF:6
BRH:0
end_of_record
TN:
SF:/home/matsu/projects/simplr-router/lib/simplr-router-transition-direction.js
FNF:0
FNH:0
DA:1,2
LF:1
LH:1
BRF:0
BRH:0
end_of_record
TN:
SF:/home/matsu/projects/simplr-router/lib/simplr-router-transition-speed.js
FNF:0
FNH:0
DA:1,2
LF:1
LH:1
BRF:0
BRH:0
end_of_record
TN:
SF:/home/matsu/projects/simplr-router/lib/simplr-router.js
FN:7,(anonymous_0)
FN:34,(anonymous_1)
FN:39,(anonymous_2)
FN:40,(anonymous_3)
FN:41,(anonymous_4)
FN:50,(anonymous_5)
FN:64,(anonymous_6)
FN:65,(anonymous_7)
FN:67,(anonymous_8)
FN:75,(anonymous_9)
FN:88,(anonymous_10)
FN:92,(anonymous_11)
FN:108,(anonymous_12)
FN:110,(anonymous_13)
FN:120,(anonymous_14)
FN:124,(anonymous_15)
FN:132,(anonymous_16)
FN:139,(anonymous_17)
FN:154,(anonymous_18)
FN:161,(anonymous_19)
FN:174,(anonymous_20)
FN:187,(anonymous_21)
FN:199,(anonymous_22)
FN:211,(anonymous_23)
FN:227,(anonymous_24)
FN:233,(anonymous_25)
FN:238,(anonymous_26)
FN:266,(anonymous_27)
FN:269,(anonymous_28)
FN:272,(anonymous_29)
FN:278,(anonymous_30)
FN:294,(anonymous_31)
FN:301,(anonymous_32)
FN:309,(anonymous_33)
FN:318,(anonymous_34)
FN:324,(anonymous_35)
FN:331,(anonymous_36)
FN:340,(anonymous_37)
FN:349,(anonymous_38)
FN:353,(anonymous_39)
FNF:40
FNH:36
FNDA:40,(anonymous_0)
FNDA:40,(anonymous_1)
FNDA:38,(anonymous_2)
FNDA:0,(anonymous_3)
FNDA:0,(anonymous_4)
FNDA:38,(anonymous_5)
FNDA:39,(anonymous_6)
FNDA:20,(anonymous_7)
FNDA:78,(anonymous_8)
FNDA:57,(anonymous_9)
FNDA:115,(anonymous_10)
FNDA:1,(anonymous_11)
FNDA:38,(anonymous_12)
FNDA:0,(anonymous_13)
FNDA:1,(anonymous_14)
FNDA:1,(anonymous_15)
FNDA:0,(anonymous_16)
FNDA:6,(anonymous_17)
FNDA:2,(anonymous_18)
FNDA:6,(anonymous_19)
FNDA:3,(anonymous_20)
FNDA:6,(anonymous_21)
FNDA:4,(anonymous_22)
FNDA:4,(anonymous_23)
FNDA:3,(anonymous_24)
FNDA:4,(anonymous_25)
FNDA:8,(anonymous_26)
FNDA:5,(anonymous_27)
FNDA:2,(anonymous_28)
FNDA:3,(anonymous_29)
FNDA:2,(anonymous_30)
FNDA:2,(anonymous_31)
FNDA:2,(anonymous_32)
FNDA:42,(anonymous_33)
FNDA:42,(anonymous_34)
FNDA:38,(anonymous_35)
FNDA:4,(anonymous_36)
FNDA:2,(anonymous_37)
FNDA:2,(anonymous_38)
FNDA:3,(anonymous_39)
DA:8,40
DA:9,40
DA:10,40
DA:11,1
DA:13,39
DA:14,39
DA:15,39
DA:16,39
DA:17,39
DA:18,39
DA:19,39
DA:20,39
DA:22,39
DA:23,38
DA:24,38
DA:25,38
DA:27,38
DA:29,38
DA:31,38
DA:35,40
DA:36,40
DA:40,38
DA:41,0
DA:42,0
DA:43,0
DA:47,38
DA:51,38
DA:52,38
DA:53,38
DA:57,0
DA:58,0
DA:60,0
DA:61,0
DA:65,39
DA:66,20
DA:67,20
DA:69,78
DA:70,57
DA:71,57
DA:75,21
DA:76,57
DA:81,21
DA:82,0
DA:89,115
DA:90,108
DA:92,7
DA:93,1
DA:94,1
DA:95,0
DA:97,1
DA:98,1
DA:100,1
DA:101,1
DA:104,7
DA:105,7
DA:109,38
DA:110,38
DA:112,0
DA:113,0
DA:115,0
DA:121,1
DA:122,1
DA:123,1
DA:124,1
DA:125,1
DA:128,0
DA:133,0
DA:140,6
DA:142,6
DA:143,3
DA:144,1
DA:146,3
DA:147,0
DA:148,0
DA:150,3
DA:152,3
DA:153,3
DA:154,3
DA:155,2
DA:156,2
DA:158,3
DA:162,6
DA:163,2
DA:164,2
DA:166,4
DA:167,4
DA:168,3
DA:171,1
DA:175,3
DA:176,1
DA:177,1
DA:179,2
DA:180,2
DA:181,1
DA:184,1
DA:188,6
DA:189,6
DA:190,20
DA:191,20
DA:192,2
DA:193,2
DA:196,6
DA:200,4
DA:201,4
DA:202,16
DA:203,16
DA:204,2
DA:205,2
DA:208,4
DA:212,4
DA:213,4
DA:214,0
DA:215,0
DA:216,0
DA:220,4
DA:221,4
DA:222,4
DA:223,4
DA:224,4
DA:225,4
DA:227,4
DA:228,3
DA:230,4
DA:234,4
DA:235,4
DA:239,8
DA:241,8
DA:242,24
DA:243,24
DA:244,24
DA:245,4
DA:248,8
DA:250,4
DA:251,4
DA:252,12
DA:253,12
DA:254,12
DA:255,12
DA:257,0
DA:258,0
DA:259,0
DA:263,8
DA:267,5
DA:268,5
DA:269,5
DA:273,3
DA:274,3
DA:275,3
DA:280,2
DA:281,2
DA:282,1
DA:285,1
DA:286,1
DA:287,1
DA:288,1
DA:291,1
DA:295,2
DA:296,4
DA:298,2
DA:302,2
DA:303,2
DA:304,4
DA:306,2
DA:310,42
DA:311,3
DA:314,39
DA:315,39
DA:319,42
DA:320,0
DA:325,38
DA:326,1
DA:328,38
DA:332,4
DA:333,3
DA:334,3
DA:336,1
DA:341,2
DA:342,1
DA:343,1
DA:345,1
DA:350,2
DA:354,3
LF:182
LH:159
BRDA:10,0,0,1
BRDA:10,0,1,39
BRDA:17,1,0,1
BRDA:17,1,1,38
BRDA:42,2,0,0
BRDA:42,2,1,0
BRDA:52,3,0,38
BRDA:52,3,1,0
BRDA:69,4,0,57
BRDA:69,4,1,21
BRDA:81,5,0,0
BRDA:81,5,1,21
BRDA:89,6,0,108
BRDA:89,6,1,7
BRDA:94,7,0,0
BRDA:94,7,1,1
BRDA:100,8,0,1
BRDA:100,8,1,0
BRDA:112,9,0,0
BRDA:112,9,1,0
BRDA:121,10,0,1
BRDA:121,10,1,0
BRDA:133,11,0,0
BRDA:133,11,1,0
BRDA:133,11,2,0
BRDA:133,11,3,0
BRDA:142,12,0,3
BRDA:142,12,1,3
BRDA:144,13,0,1
BRDA:144,13,1,0
BRDA:146,14,0,0
BRDA:146,14,1,3
BRDA:146,15,0,3
BRDA:146,15,1,0
BRDA:146,15,2,0
BRDA:148,16,0,0
BRDA:148,16,1,0
BRDA:162,17,0,2
BRDA:162,17,1,4
BRDA:167,18,0,3
BRDA:167,18,1,1
BRDA:175,19,0,1
BRDA:175,19,1,2
BRDA:180,20,0,1
BRDA:180,20,1,1
BRDA:191,21,0,2
BRDA:191,21,1,18
BRDA:191,22,0,20
BRDA:191,22,1,20
BRDA:203,23,0,2
BRDA:203,23,1,14
BRDA:203,24,0,16
BRDA:203,24,1,16
BRDA:213,25,0,0
BRDA:213,25,1,4
BRDA:215,26,0,0
BRDA:215,26,1,0
BRDA:244,27,0,4
BRDA:244,27,1,20
BRDA:248,28,0,4
BRDA:248,28,1,4
BRDA:254,29,0,12
BRDA:254,29,1,0
BRDA:258,30,0,0
BRDA:258,30,1,0
BRDA:268,31,0,1
BRDA:268,31,1,4
BRDA:274,32,0,3
BRDA:274,32,1,0
BRDA:281,33,0,1
BRDA:281,33,1,1
BRDA:286,34,0,1
BRDA:286,34,1,0
BRDA:310,35,0,3
BRDA:310,35,1,39
BRDA:319,36,0,0
BRDA:319,36,1,42
BRDA:325,37,0,1
BRDA:325,37,1,37
BRDA:332,38,0,3
BRDA:332,38,1,1
BRDA:332,39,0,4
BRDA:332,39,1,2
BRDA:332,39,2,1
BRDA:341,40,0,1
BRDA:341,40,1,1
BRF:86
BRH:58
end_of_record
