TN:
SF:/home/matsu/projects/simplr-router/lib/simplr-router-styler.js
FN:4,(anonymous_0)
FN:14,(anonymous_1)
FN:18,(anonymous_2)
FN:25,(anonymous_3)
FN:75,(anonymous_4)
FN:101,(anonymous_5)
FNF:6
FNH:6
FNDA:1,(anonymous_0)
FNDA:1,(anonymous_1)
FNDA:1,(anonymous_2)
FNDA:1,(anonymous_3)
FNDA:1,(anonymous_4)
FNDA:1,(anonymous_5)
DA:5,1
DA:6,0
DA:8,1
DA:9,1
DA:10,1
DA:11,1
DA:15,1
DA:19,1
DA:20,1
DA:21,1
DA:22,1
DA:26,1
DA:40,1
DA:52,1
DA:68,1
DA:76,1
DA:77,1
DA:79,1
DA:80,1
DA:82,0
DA:83,0
DA:85,0
DA:86,0
DA:88,0
DA:89,0
DA:91,0
DA:92,0
DA:94,1
DA:102,1
DA:103,1
LF:30
LH:21
BRDA:5,0,0,0
BRDA:5,0,1,1
BRDA:77,1,0,1
BRDA:77,1,1,0
BRDA:77,1,2,0
BRDA:77,1,3,0
BRDA:77,1,4,0
BRF:7
BRH:2
end_of_record
TN:
SF:/home/matsu/projects/simplr-router/lib/simplr-router-transition-direction.js
FNF:0
FNH:0
DA:1,2
LF:1
LH:1
BRF:0
BRH:0
end_of_record
TN:
SF:/home/matsu/projects/simplr-router/lib/simplr-router-transition-speed.js
FNF:0
FNH:0
DA:1,2
LF:1
LH:1
BRF:0
BRH:0
end_of_record
TN:
SF:/home/matsu/projects/simplr-router/lib/simplr-router.js
FN:6,(anonymous_0)
FN:54,(anonymous_1)
FN:66,(anonymous_2)
FN:72,(anonymous_3)
FN:73,(anonymous_4)
FN:74,(anonymous_5)
FN:96,(anonymous_6)
FN:112,(anonymous_7)
FN:117,(anonymous_8)
FN:124,(anonymous_9)
FN:126,(anonymous_10)
FN:129,(anonymous_11)
FN:130,_waitForLoadingOff
FN:139,(anonymous_13)
FN:149,(anonymous_14)
FN:156,(anonymous_15)
FN:157,(anonymous_16)
FN:159,(anonymous_17)
FN:167,(anonymous_18)
FN:180,(anonymous_19)
FN:184,(anonymous_20)
FN:192,(anonymous_21)
FN:204,(anonymous_22)
FN:206,(anonymous_23)
FN:216,(anonymous_24)
FN:220,(anonymous_25)
FN:228,(anonymous_26)
FN:238,(anonymous_27)
FN:260,(anonymous_28)
FN:275,(anonymous_29)
FN:290,(anonymous_30)
FN:302,(anonymous_31)
FN:314,(anonymous_32)
FN:335,(anonymous_33)
FN:343,(anonymous_34)
FN:375,(anonymous_35)
FN:378,(anonymous_36)
FN:381,(anonymous_37)
FN:387,(anonymous_38)
FN:415,(anonymous_39)
FN:422,(anonymous_40)
FN:430,(anonymous_41)
FN:443,(anonymous_42)
FN:449,(anonymous_43)
FN:456,(anonymous_44)
FN:470,(anonymous_45)
FN:481,(anonymous_46)
FN:485,(anonymous_47)
FNF:48
FNH:35
FNDA:44,(anonymous_0)
FNDA:43,(anonymous_1)
FNDA:0,(anonymous_2)
FNDA:42,(anonymous_3)
FNDA:0,(anonymous_4)
FNDA:0,(anonymous_5)
FNDA:43,(anonymous_6)
FNDA:0,(anonymous_7)
FNDA:0,(anonymous_8)
FNDA:0,(anonymous_9)
FNDA:0,(anonymous_10)
FNDA:0,(anonymous_11)
FNDA:0,_waitForLoadingOff
FNDA:0,(anonymous_13)
FNDA:0,(anonymous_14)
FNDA:43,(anonymous_15)
FNDA:21,(anonymous_16)
FNDA:82,(anonymous_17)
FNDA:60,(anonymous_18)
FNDA:121,(anonymous_19)
FNDA:1,(anonymous_20)
FNDA:1,(anonymous_21)
FNDA:42,(anonymous_22)
FNDA:0,(anonymous_23)
FNDA:1,(anonymous_24)
FNDA:1,(anonymous_25)
FNDA:0,(anonymous_26)
FNDA:9,(anonymous_27)
FNDA:5,(anonymous_28)
FNDA:5,(anonymous_29)
FNDA:5,(anonymous_30)
FNDA:5,(anonymous_31)
FNDA:6,(anonymous_32)
FNDA:6,(anonymous_33)
FNDA:12,(anonymous_34)
FNDA:5,(anonymous_35)
FNDA:3,(anonymous_36)
FNDA:7,(anonymous_37)
FNDA:6,(anonymous_38)
FNDA:3,(anonymous_39)
FNDA:3,(anonymous_40)
FNDA:46,(anonymous_41)
FNDA:53,(anonymous_42)
FNDA:67,(anonymous_43)
FNDA:4,(anonymous_44)
FNDA:9,(anonymous_45)
FNDA:3,(anonymous_46)
FNDA:3,(anonymous_47)
DA:7,44
DA:8,1
DA:10,43
DA:11,43
DA:12,0
DA:15,43
DA:16,43
DA:17,43
DA:18,0
DA:22,43
DA:29,43
DA:30,43
DA:34,43
DA:38,43
DA:41,43
DA:42,43
DA:43,43
DA:45,43
DA:46,43
DA:47,43
DA:49,43
DA:50,0
DA:55,43
DA:56,42
DA:57,42
DA:58,42
DA:60,42
DA:62,42
DA:63,42
DA:67,0
DA:68,0
DA:73,42
DA:74,0
DA:75,0
DA:76,0
DA:81,0
DA:85,0
DA:89,42
DA:97,43
DA:98,43
DA:99,43
DA:100,43
DA:101,41
DA:105,2
DA:106,2
DA:108,2
DA:109,2
DA:113,0
DA:114,0
DA:115,0
DA:116,0
DA:117,0
DA:118,0
DA:119,0
DA:120,0
DA:125,0
DA:126,0
DA:128,0
DA:129,0
DA:130,0
DA:131,0
DA:132,0
DA:134,0
DA:140,0
DA:141,0
DA:142,0
DA:143,0
DA:144,0
DA:145,0
DA:146,0
DA:150,0
DA:151,0
DA:152,0
DA:157,43
DA:158,21
DA:159,21
DA:161,82
DA:162,60
DA:163,60
DA:167,22
DA:168,60
DA:173,22
DA:174,0
DA:181,121
DA:182,114
DA:184,7
DA:185,1
DA:186,1
DA:188,7
DA:189,7
DA:193,1
DA:194,0
DA:196,1
DA:197,1
DA:199,1
DA:200,1
DA:205,42
DA:206,42
DA:208,0
DA:209,0
DA:211,0
DA:217,1
DA:218,1
DA:219,1
DA:220,1
DA:221,1
DA:224,0
DA:229,0
DA:239,9
DA:241,9
DA:242,2
DA:243,1
DA:245,7
DA:250,2
DA:251,1
DA:253,5
DA:255,5
DA:256,5
DA:257,5
DA:261,5
DA:262,2
DA:263,2
DA:265,3
DA:266,3
DA:267,2
DA:272,1
DA:276,5
DA:277,2
DA:278,2
DA:280,3
DA:281,3
DA:282,2
DA:287,1
DA:291,5
DA:292,5
DA:293,20
DA:294,20
DA:295,2
DA:296,2
DA:299,5
DA:303,5
DA:304,5
DA:305,22
DA:306,22
DA:307,2
DA:308,2
DA:311,5
DA:315,6
DA:316,6
DA:317,0
DA:318,0
DA:319,0
DA:323,6
DA:324,6
DA:325,6
DA:326,6
DA:327,6
DA:329,6
DA:330,6
DA:332,6
DA:336,6
DA:337,6
DA:344,12
DA:346,12
DA:347,47
DA:348,47
DA:349,47
DA:350,8
DA:353,12
DA:355,4
DA:356,4
DA:357,16
DA:358,16
DA:359,16
DA:360,12
DA:362,4
DA:367,4
DA:368,1
DA:372,12
DA:376,5
DA:377,5
DA:378,5
DA:382,7
DA:383,7
DA:384,7
DA:389,6
DA:390,6
DA:391,4
DA:394,2
DA:399,2
DA:400,2
DA:404,2
DA:412,2
DA:416,3
DA:417,5
DA:419,3
DA:423,3
DA:424,3
DA:425,5
DA:427,3
DA:431,46
DA:432,3
DA:437,43
DA:438,43
DA:439,0
DA:444,53
DA:445,1
DA:450,67
DA:451,3
DA:453,67
DA:457,4
DA:461,3
DA:462,3
DA:464,1
DA:471,9
DA:472,8
DA:473,8
DA:475,1
DA:482,3
DA:486,3
LF:220
LH:173
BRDA:7,0,0,1
BRDA:7,0,1,43
BRDA:11,1,0,0
BRDA:11,1,1,43
BRDA:17,2,0,0
BRDA:17,2,1,43
BRDA:31,3,0,43
BRDA:31,3,1,0
BRDA:35,4,0,43
BRDA:35,4,1,0
BRDA:39,5,0,1
BRDA:39,5,1,42
BRDA:49,6,0,0
BRDA:49,6,1,43
BRDA:67,7,0,0
BRDA:67,7,1,0
BRDA:75,8,0,0
BRDA:75,8,1,0
BRDA:75,9,0,0
BRDA:75,9,1,0
BRDA:76,10,0,0
BRDA:76,10,1,0
BRDA:99,11,0,0
BRDA:99,11,1,43
BRDA:100,12,0,41
BRDA:100,12,1,2
BRDA:106,13,0,0
BRDA:106,13,1,2
BRDA:125,14,0,0
BRDA:125,14,1,0
BRDA:125,15,0,0
BRDA:125,15,1,0
BRDA:131,16,0,0
BRDA:131,16,1,0
BRDA:150,17,0,0
BRDA:150,17,1,0
BRDA:161,18,0,60
BRDA:161,18,1,22
BRDA:173,19,0,0
BRDA:173,19,1,22
BRDA:181,20,0,114
BRDA:181,20,1,7
BRDA:193,21,0,0
BRDA:193,21,1,1
BRDA:199,22,0,1
BRDA:199,22,1,0
BRDA:208,23,0,0
BRDA:208,23,1,0
BRDA:217,24,0,1
BRDA:217,24,1,0
BRDA:230,25,0,0
BRDA:230,25,1,0
BRDA:230,25,2,0
BRDA:230,25,3,0
BRDA:241,26,0,2
BRDA:241,26,1,7
BRDA:243,27,0,1
BRDA:243,27,1,0
BRDA:245,28,0,2
BRDA:245,28,1,5
BRDA:246,29,0,7
BRDA:246,29,1,2
BRDA:246,29,2,2
BRDA:251,30,0,1
BRDA:251,30,1,0
BRDA:261,31,0,2
BRDA:261,31,1,3
BRDA:266,32,0,2
BRDA:266,32,1,1
BRDA:276,33,0,2
BRDA:276,33,1,3
BRDA:281,34,0,2
BRDA:281,34,1,1
BRDA:294,35,0,2
BRDA:294,35,1,18
BRDA:294,36,0,20
BRDA:294,36,1,20
BRDA:306,37,0,2
BRDA:306,37,1,20
BRDA:306,38,0,22
BRDA:306,38,1,22
BRDA:316,39,0,0
BRDA:316,39,1,6
BRDA:318,40,0,0
BRDA:318,40,1,0
BRDA:349,41,0,8
BRDA:349,41,1,39
BRDA:353,42,0,4
BRDA:353,42,1,8
BRDA:359,43,0,12
BRDA:359,43,1,4
BRDA:367,44,0,1
BRDA:367,44,1,3
BRDA:377,45,0,2
BRDA:377,45,1,3
BRDA:383,46,0,7
BRDA:383,46,1,0
BRDA:390,47,0,4
BRDA:390,47,1,2
BRDA:399,48,0,2
BRDA:399,48,1,0
BRDA:431,49,0,3
BRDA:431,49,1,43
BRDA:438,50,0,0
BRDA:438,50,1,43
BRDA:444,51,0,1
BRDA:444,51,1,52
BRDA:450,52,0,3
BRDA:450,52,1,64
BRDA:457,53,0,3
BRDA:457,53,1,1
BRDA:458,54,0,4
BRDA:458,54,1,2
BRDA:458,54,2,1
BRDA:471,55,0,8
BRDA:471,55,1,1
BRF:116
BRH:75
end_of_record
